{"C:\\Users\\user\\OneDrive - MSFT\\Área de Trabalho\\Projeto Integrador DH - Back End\\Grupo-04-Back-End\\src\\config\\db.js": {"path":"C:\\Users\\user\\OneDrive - MSFT\\Área de Trabalho\\Projeto Integrador DH - Back End\\Grupo-04-Back-End\\src\\config\\db.js","all":false,"statementMap":{"0":{"start":{"line":1,"column":0},"end":{"line":1,"column":46}},"1":{"start":{"line":2,"column":0},"end":{"line":2,"column":0}},"2":{"start":{"line":3,"column":0},"end":{"line":3,"column":37}}},"s":{"0":1,"1":1,"2":1},"branchMap":{},"b":{},"fnMap":{},"f":{}}
,"C:\\Users\\user\\OneDrive - MSFT\\Área de Trabalho\\Projeto Integrador DH - Back End\\Grupo-04-Back-End\\src\\middleware\\dateHandle.js": {"path":"C:\\Users\\user\\OneDrive - MSFT\\Área de Trabalho\\Projeto Integrador DH - Back End\\Grupo-04-Back-End\\src\\middleware\\dateHandle.js","all":false,"statementMap":{"0":{"start":{"line":1,"column":0},"end":{"line":1,"column":39}},"1":{"start":{"line":2,"column":0},"end":{"line":2,"column":46}},"2":{"start":{"line":3,"column":0},"end":{"line":3,"column":26}},"3":{"start":{"line":4,"column":0},"end":{"line":4,"column":38}},"4":{"start":{"line":5,"column":0},"end":{"line":5,"column":48}},"5":{"start":{"line":6,"column":0},"end":{"line":6,"column":0}},"6":{"start":{"line":7,"column":0},"end":{"line":7,"column":47}},"7":{"start":{"line":8,"column":0},"end":{"line":8,"column":7}},"8":{"start":{"line":9,"column":0},"end":{"line":9,"column":22}},"9":{"start":{"line":10,"column":0},"end":{"line":10,"column":27}},"10":{"start":{"line":11,"column":0},"end":{"line":11,"column":0}},"11":{"start":{"line":12,"column":0},"end":{"line":12,"column":54}},"12":{"start":{"line":13,"column":0},"end":{"line":13,"column":31}},"13":{"start":{"line":14,"column":0},"end":{"line":14,"column":83}},"14":{"start":{"line":15,"column":0},"end":{"line":15,"column":0}},"15":{"start":{"line":16,"column":0},"end":{"line":16,"column":56}},"16":{"start":{"line":17,"column":0},"end":{"line":17,"column":23}},"17":{"start":{"line":18,"column":0},"end":{"line":18,"column":0}},"18":{"start":{"line":19,"column":0},"end":{"line":19,"column":48}},"19":{"start":{"line":20,"column":0},"end":{"line":20,"column":0}},"20":{"start":{"line":21,"column":0},"end":{"line":21,"column":69}},"21":{"start":{"line":22,"column":0},"end":{"line":22,"column":13}},"22":{"start":{"line":23,"column":0},"end":{"line":23,"column":71}},"23":{"start":{"line":24,"column":0},"end":{"line":24,"column":42}},"24":{"start":{"line":25,"column":0},"end":{"line":25,"column":8}},"25":{"start":{"line":26,"column":0},"end":{"line":26,"column":5}},"26":{"start":{"line":27,"column":0},"end":{"line":27,"column":0}},"27":{"start":{"line":28,"column":0},"end":{"line":28,"column":72}},"28":{"start":{"line":29,"column":0},"end":{"line":29,"column":15}},"29":{"start":{"line":30,"column":0},"end":{"line":30,"column":67}},"30":{"start":{"line":31,"column":0},"end":{"line":31,"column":15}},"31":{"start":{"line":32,"column":0},"end":{"line":32,"column":27}},"32":{"start":{"line":33,"column":0},"end":{"line":33,"column":0}},"33":{"start":{"line":34,"column":0},"end":{"line":34,"column":63}},"34":{"start":{"line":35,"column":0},"end":{"line":35,"column":0}},"35":{"start":{"line":36,"column":0},"end":{"line":36,"column":67}},"36":{"start":{"line":37,"column":0},"end":{"line":37,"column":0}},"37":{"start":{"line":38,"column":0},"end":{"line":38,"column":64}},"38":{"start":{"line":39,"column":0},"end":{"line":39,"column":0}},"39":{"start":{"line":40,"column":0},"end":{"line":40,"column":68}},"40":{"start":{"line":41,"column":0},"end":{"line":41,"column":0}},"41":{"start":{"line":42,"column":0},"end":{"line":42,"column":52}},"42":{"start":{"line":43,"column":0},"end":{"line":43,"column":13}},"43":{"start":{"line":44,"column":0},"end":{"line":44,"column":64}},"44":{"start":{"line":45,"column":0},"end":{"line":45,"column":42}},"45":{"start":{"line":46,"column":0},"end":{"line":46,"column":8}},"46":{"start":{"line":47,"column":0},"end":{"line":47,"column":5}},"47":{"start":{"line":48,"column":0},"end":{"line":48,"column":0}},"48":{"start":{"line":49,"column":0},"end":{"line":49,"column":66}},"49":{"start":{"line":50,"column":0},"end":{"line":50,"column":13}},"50":{"start":{"line":51,"column":0},"end":{"line":51,"column":68}},"51":{"start":{"line":52,"column":0},"end":{"line":52,"column":42}},"52":{"start":{"line":53,"column":0},"end":{"line":53,"column":8}},"53":{"start":{"line":54,"column":0},"end":{"line":54,"column":5}},"54":{"start":{"line":55,"column":0},"end":{"line":55,"column":54}},"55":{"start":{"line":56,"column":0},"end":{"line":56,"column":20}},"56":{"start":{"line":57,"column":0},"end":{"line":57,"column":19}},"57":{"start":{"line":58,"column":0},"end":{"line":58,"column":37}},"58":{"start":{"line":59,"column":0},"end":{"line":59,"column":69}},"59":{"start":{"line":60,"column":0},"end":{"line":60,"column":3}},"60":{"start":{"line":61,"column":0},"end":{"line":61,"column":2}}},"s":{"0":1,"1":1,"2":1,"3":1,"4":1,"5":1,"6":1,"7":1,"8":1,"9":1,"10":1,"11":1,"12":1,"13":1,"14":1,"15":1,"16":1,"17":1,"18":1,"19":1,"20":1,"21":0,"22":0,"23":0,"24":0,"25":0,"26":1,"27":1,"28":1,"29":1,"30":1,"31":1,"32":1,"33":1,"34":1,"35":1,"36":1,"37":1,"38":1,"39":1,"40":1,"41":1,"42":1,"43":1,"44":1,"45":1,"46":1,"47":0,"48":0,"49":0,"50":0,"51":0,"52":0,"53":0,"54":0,"55":0,"56":1,"57":1,"58":1,"59":1,"60":1},"branchMap":{"0":{"type":"branch","line":7,"loc":{"start":{"line":7,"column":26},"end":{"line":61,"column":2}},"locations":[{"start":{"line":7,"column":26},"end":{"line":61,"column":2}}]},"1":{"type":"branch","line":21,"loc":{"start":{"line":21,"column":68},"end":{"line":26,"column":5}},"locations":[{"start":{"line":21,"column":68},"end":{"line":26,"column":5}}]},"2":{"type":"branch","line":47,"loc":{"start":{"line":47,"column":4},"end":{"line":57,"column":4}},"locations":[{"start":{"line":47,"column":4},"end":{"line":57,"column":4}}]}},"b":{"0":[1],"1":[0],"2":[0]},"fnMap":{"0":{"name":"dateHandle","decl":{"start":{"line":7,"column":26},"end":{"line":61,"column":2}},"loc":{"start":{"line":7,"column":26},"end":{"line":61,"column":2}},"line":7}},"f":{"0":1}}
,"C:\\Users\\user\\OneDrive - MSFT\\Área de Trabalho\\Projeto Integrador DH - Back End\\Grupo-04-Back-End\\src\\modules\\booking\\Dto\\createBooking.schema.js": {"path":"C:\\Users\\user\\OneDrive - MSFT\\Área de Trabalho\\Projeto Integrador DH - Back End\\Grupo-04-Back-End\\src\\modules\\booking\\Dto\\createBooking.schema.js","all":false,"statementMap":{"0":{"start":{"line":1,"column":0},"end":{"line":1,"column":37}},"1":{"start":{"line":2,"column":0},"end":{"line":2,"column":0}},"2":{"start":{"line":3,"column":0},"end":{"line":3,"column":43}},"3":{"start":{"line":4,"column":0},"end":{"line":4,"column":16}},"4":{"start":{"line":5,"column":0},"end":{"line":5,"column":27}},"5":{"start":{"line":6,"column":0},"end":{"line":6,"column":28}},"6":{"start":{"line":7,"column":0},"end":{"line":7,"column":5}},"7":{"start":{"line":8,"column":0},"end":{"line":8,"column":3}}},"s":{"0":1,"1":1,"2":1,"3":1,"4":1,"5":1,"6":1,"7":1},"branchMap":{},"b":{},"fnMap":{},"f":{}}
,"C:\\Users\\user\\OneDrive - MSFT\\Área de Trabalho\\Projeto Integrador DH - Back End\\Grupo-04-Back-End\\src\\modules\\users\\Dto\\updateUserSchema.js": {"path":"C:\\Users\\user\\OneDrive - MSFT\\Área de Trabalho\\Projeto Integrador DH - Back End\\Grupo-04-Back-End\\src\\modules\\users\\Dto\\updateUserSchema.js","all":false,"statementMap":{"0":{"start":{"line":1,"column":0},"end":{"line":1,"column":37}},"1":{"start":{"line":2,"column":0},"end":{"line":2,"column":8}},"2":{"start":{"line":3,"column":0},"end":{"line":3,"column":13}},"3":{"start":{"line":4,"column":0},"end":{"line":4,"column":19}},"4":{"start":{"line":5,"column":0},"end":{"line":5,"column":19}},"5":{"start":{"line":6,"column":0},"end":{"line":6,"column":13}},"6":{"start":{"line":7,"column":0},"end":{"line":7,"column":33}},"7":{"start":{"line":8,"column":0},"end":{"line":8,"column":0}},"8":{"start":{"line":9,"column":0},"end":{"line":9,"column":40}},"9":{"start":{"line":10,"column":0},"end":{"line":10,"column":16}},"10":{"start":{"line":11,"column":0},"end":{"line":11,"column":18}},"11":{"start":{"line":12,"column":0},"end":{"line":12,"column":13}},"12":{"start":{"line":13,"column":0},"end":{"line":13,"column":64}},"13":{"start":{"line":14,"column":0},"end":{"line":14,"column":72}},"14":{"start":{"line":15,"column":0},"end":{"line":15,"column":18}},"15":{"start":{"line":16,"column":0},"end":{"line":16,"column":21}},"16":{"start":{"line":17,"column":0},"end":{"line":17,"column":13}},"17":{"start":{"line":18,"column":0},"end":{"line":18,"column":69}},"18":{"start":{"line":19,"column":0},"end":{"line":19,"column":72}},"19":{"start":{"line":20,"column":0},"end":{"line":20,"column":18}},"20":{"start":{"line":21,"column":0},"end":{"line":21,"column":19}},"21":{"start":{"line":22,"column":0},"end":{"line":22,"column":13}},"22":{"start":{"line":23,"column":0},"end":{"line":23,"column":55}},"23":{"start":{"line":24,"column":0},"end":{"line":24,"column":15}},"24":{"start":{"line":25,"column":0},"end":{"line":25,"column":73}},"25":{"start":{"line":26,"column":0},"end":{"line":26,"column":25}},"26":{"start":{"line":27,"column":0},"end":{"line":27,"column":13}},"27":{"start":{"line":28,"column":0},"end":{"line":28,"column":58}},"28":{"start":{"line":29,"column":0},"end":{"line":29,"column":18}},"29":{"start":{"line":30,"column":0},"end":{"line":30,"column":17}},"30":{"start":{"line":31,"column":0},"end":{"line":31,"column":13}},"31":{"start":{"line":32,"column":0},"end":{"line":32,"column":73}},"32":{"start":{"line":33,"column":0},"end":{"line":33,"column":18}},"33":{"start":{"line":34,"column":0},"end":{"line":34,"column":22}},"34":{"start":{"line":35,"column":0},"end":{"line":35,"column":13}},"35":{"start":{"line":36,"column":0},"end":{"line":36,"column":65}},"36":{"start":{"line":37,"column":0},"end":{"line":37,"column":18}},"37":{"start":{"line":38,"column":0},"end":{"line":38,"column":5}},"38":{"start":{"line":39,"column":0},"end":{"line":39,"column":18}},"39":{"start":{"line":40,"column":0},"end":{"line":40,"column":17}},"40":{"start":{"line":41,"column":0},"end":{"line":41,"column":5}},"41":{"start":{"line":42,"column":0},"end":{"line":42,"column":3}}},"s":{"0":1,"1":1,"2":1,"3":1,"4":1,"5":1,"6":1,"7":1,"8":1,"9":1,"10":1,"11":1,"12":1,"13":1,"14":1,"15":1,"16":1,"17":1,"18":1,"19":1,"20":1,"21":1,"22":1,"23":1,"24":1,"25":1,"26":1,"27":1,"28":1,"29":1,"30":1,"31":1,"32":1,"33":1,"34":1,"35":1,"36":1,"37":1,"38":1,"39":1,"40":1,"41":1},"branchMap":{},"b":{},"fnMap":{},"f":{}}
,"C:\\Users\\user\\OneDrive - MSFT\\Área de Trabalho\\Projeto Integrador DH - Back End\\Grupo-04-Back-End\\src\\modules\\users\\Repository\\deleteUserRepo.js": {"path":"C:\\Users\\user\\OneDrive - MSFT\\Área de Trabalho\\Projeto Integrador DH - Back End\\Grupo-04-Back-End\\src\\modules\\users\\Repository\\deleteUserRepo.js","all":false,"statementMap":{"0":{"start":{"line":1,"column":0},"end":{"line":1,"column":39}},"1":{"start":{"line":2,"column":0},"end":{"line":2,"column":43}},"2":{"start":{"line":3,"column":0},"end":{"line":3,"column":0}},"3":{"start":{"line":4,"column":0},"end":{"line":4,"column":60}},"4":{"start":{"line":5,"column":0},"end":{"line":5,"column":7}},"5":{"start":{"line":6,"column":0},"end":{"line":6,"column":39}},"6":{"start":{"line":7,"column":0},"end":{"line":7,"column":20}},"7":{"start":{"line":8,"column":0},"end":{"line":8,"column":7}},"8":{"start":{"line":9,"column":0},"end":{"line":9,"column":19}},"9":{"start":{"line":10,"column":0},"end":{"line":10,"column":11}},"10":{"start":{"line":11,"column":0},"end":{"line":11,"column":53}},"11":{"start":{"line":12,"column":0},"end":{"line":12,"column":49}},"12":{"start":{"line":13,"column":0},"end":{"line":13,"column":6}},"13":{"start":{"line":14,"column":0},"end":{"line":14,"column":3}},"14":{"start":{"line":15,"column":0},"end":{"line":15,"column":2}}},"s":{"0":1,"1":1,"2":1,"3":1,"4":2,"5":2,"6":2,"7":2,"8":1,"9":1,"10":1,"11":1,"12":1,"13":1,"14":1},"branchMap":{"0":{"type":"branch","line":2,"loc":{"start":{"line":2,"column":0},"end":{"line":2,"column":43}},"locations":[{"start":{"line":2,"column":0},"end":{"line":2,"column":43}}]},"1":{"type":"branch","line":2,"loc":{"start":{"line":2,"column":0},"end":{"line":2,"column":43}},"locations":[{"start":{"line":2,"column":0},"end":{"line":2,"column":43}}]},"2":{"type":"branch","line":2,"loc":{"start":{"line":2,"column":0},"end":{"line":2,"column":43}},"locations":[{"start":{"line":2,"column":0},"end":{"line":2,"column":43}}]},"3":{"type":"branch","line":2,"loc":{"start":{"line":2,"column":0},"end":{"line":2,"column":43}},"locations":[{"start":{"line":2,"column":0},"end":{"line":2,"column":43}}]},"4":{"type":"branch","line":2,"loc":{"start":{"line":2,"column":0},"end":{"line":2,"column":43}},"locations":[{"start":{"line":2,"column":0},"end":{"line":2,"column":43}}]},"5":{"type":"branch","line":2,"loc":{"start":{"line":2,"column":0},"end":{"line":2,"column":43}},"locations":[{"start":{"line":2,"column":0},"end":{"line":2,"column":43}}]},"6":{"type":"branch","line":2,"loc":{"start":{"line":2,"column":0},"end":{"line":2,"column":43}},"locations":[{"start":{"line":2,"column":0},"end":{"line":2,"column":43}}]},"7":{"type":"branch","line":2,"loc":{"start":{"line":2,"column":0},"end":{"line":2,"column":43}},"locations":[{"start":{"line":2,"column":0},"end":{"line":2,"column":43}}]},"8":{"type":"branch","line":2,"loc":{"start":{"line":2,"column":0},"end":{"line":2,"column":43}},"locations":[{"start":{"line":2,"column":0},"end":{"line":2,"column":43}}]},"9":{"type":"branch","line":2,"loc":{"start":{"line":2,"column":0},"end":{"line":2,"column":43}},"locations":[{"start":{"line":2,"column":0},"end":{"line":2,"column":43}}]},"10":{"type":"branch","line":2,"loc":{"start":{"line":2,"column":0},"end":{"line":2,"column":43}},"locations":[{"start":{"line":2,"column":0},"end":{"line":2,"column":43}}]},"11":{"type":"branch","line":2,"loc":{"start":{"line":2,"column":0},"end":{"line":2,"column":43}},"locations":[{"start":{"line":2,"column":0},"end":{"line":2,"column":43}}]},"12":{"type":"branch","line":2,"loc":{"start":{"line":2,"column":0},"end":{"line":2,"column":43}},"locations":[{"start":{"line":2,"column":0},"end":{"line":2,"column":43}}]},"13":{"type":"branch","line":2,"loc":{"start":{"line":2,"column":0},"end":{"line":2,"column":43}},"locations":[{"start":{"line":2,"column":0},"end":{"line":2,"column":43}}]},"14":{"type":"branch","line":2,"loc":{"start":{"line":2,"column":0},"end":{"line":2,"column":43}},"locations":[{"start":{"line":2,"column":0},"end":{"line":2,"column":43}}]},"15":{"type":"branch","line":2,"loc":{"start":{"line":2,"column":0},"end":{"line":2,"column":43}},"locations":[{"start":{"line":2,"column":0},"end":{"line":2,"column":43}}]},"16":{"type":"branch","line":2,"loc":{"start":{"line":2,"column":0},"end":{"line":2,"column":43}},"locations":[{"start":{"line":2,"column":0},"end":{"line":2,"column":43}}]},"17":{"type":"branch","line":2,"loc":{"start":{"line":2,"column":0},"end":{"line":2,"column":43}},"locations":[{"start":{"line":2,"column":0},"end":{"line":2,"column":43}}]},"18":{"type":"branch","line":2,"loc":{"start":{"line":2,"column":0},"end":{"line":2,"column":43}},"locations":[{"start":{"line":2,"column":0},"end":{"line":2,"column":43}}]},"19":{"type":"branch","line":2,"loc":{"start":{"line":2,"column":0},"end":{"line":2,"column":43}},"locations":[{"start":{"line":2,"column":0},"end":{"line":2,"column":43}}]},"20":{"type":"branch","line":2,"loc":{"start":{"line":2,"column":0},"end":{"line":2,"column":43}},"locations":[{"start":{"line":2,"column":0},"end":{"line":2,"column":43}}]},"21":{"type":"branch","line":2,"loc":{"start":{"line":2,"column":0},"end":{"line":2,"column":43}},"locations":[{"start":{"line":2,"column":0},"end":{"line":2,"column":43}}]},"22":{"type":"branch","line":2,"loc":{"start":{"line":2,"column":0},"end":{"line":2,"column":43}},"locations":[{"start":{"line":2,"column":0},"end":{"line":2,"column":43}}]},"23":{"type":"branch","line":2,"loc":{"start":{"line":2,"column":0},"end":{"line":2,"column":43}},"locations":[{"start":{"line":2,"column":0},"end":{"line":2,"column":43}}]},"24":{"type":"branch","line":2,"loc":{"start":{"line":2,"column":0},"end":{"line":2,"column":43}},"locations":[{"start":{"line":2,"column":0},"end":{"line":2,"column":43}}]},"25":{"type":"branch","line":2,"loc":{"start":{"line":2,"column":0},"end":{"line":2,"column":43}},"locations":[{"start":{"line":2,"column":0},"end":{"line":2,"column":43}}]},"26":{"type":"branch","line":2,"loc":{"start":{"line":2,"column":0},"end":{"line":2,"column":43}},"locations":[{"start":{"line":2,"column":0},"end":{"line":2,"column":43}}]},"27":{"type":"branch","line":2,"loc":{"start":{"line":2,"column":0},"end":{"line":2,"column":43}},"locations":[{"start":{"line":2,"column":0},"end":{"line":2,"column":43}}]},"28":{"type":"branch","line":2,"loc":{"start":{"line":2,"column":0},"end":{"line":2,"column":43}},"locations":[{"start":{"line":2,"column":0},"end":{"line":2,"column":43}}]},"29":{"type":"branch","line":2,"loc":{"start":{"line":2,"column":0},"end":{"line":2,"column":43}},"locations":[{"start":{"line":2,"column":0},"end":{"line":2,"column":43}}]},"30":{"type":"branch","line":2,"loc":{"start":{"line":2,"column":0},"end":{"line":2,"column":43}},"locations":[{"start":{"line":2,"column":0},"end":{"line":2,"column":43}}]},"31":{"type":"branch","line":2,"loc":{"start":{"line":2,"column":0},"end":{"line":2,"column":43}},"locations":[{"start":{"line":2,"column":0},"end":{"line":2,"column":43}}]},"32":{"type":"branch","line":2,"loc":{"start":{"line":2,"column":0},"end":{"line":2,"column":43}},"locations":[{"start":{"line":2,"column":0},"end":{"line":2,"column":43}}]},"33":{"type":"branch","line":2,"loc":{"start":{"line":2,"column":0},"end":{"line":2,"column":43}},"locations":[{"start":{"line":2,"column":0},"end":{"line":2,"column":43}}]},"34":{"type":"branch","line":2,"loc":{"start":{"line":2,"column":0},"end":{"line":2,"column":43}},"locations":[{"start":{"line":2,"column":0},"end":{"line":2,"column":43}}]},"35":{"type":"branch","line":2,"loc":{"start":{"line":2,"column":0},"end":{"line":2,"column":43}},"locations":[{"start":{"line":2,"column":0},"end":{"line":2,"column":43}}]},"36":{"type":"branch","line":2,"loc":{"start":{"line":2,"column":0},"end":{"line":2,"column":43}},"locations":[{"start":{"line":2,"column":0},"end":{"line":2,"column":43}}]},"37":{"type":"branch","line":2,"loc":{"start":{"line":2,"column":0},"end":{"line":2,"column":43}},"locations":[{"start":{"line":2,"column":0},"end":{"line":2,"column":43}}]},"38":{"type":"branch","line":2,"loc":{"start":{"line":2,"column":0},"end":{"line":2,"column":43}},"locations":[{"start":{"line":2,"column":0},"end":{"line":2,"column":43}}]},"39":{"type":"branch","line":2,"loc":{"start":{"line":2,"column":0},"end":{"line":2,"column":43}},"locations":[{"start":{"line":2,"column":0},"end":{"line":2,"column":43}}]},"40":{"type":"branch","line":2,"loc":{"start":{"line":2,"column":0},"end":{"line":2,"column":43}},"locations":[{"start":{"line":2,"column":0},"end":{"line":2,"column":43}}]},"41":{"type":"branch","line":2,"loc":{"start":{"line":2,"column":0},"end":{"line":2,"column":43}},"locations":[{"start":{"line":2,"column":0},"end":{"line":2,"column":43}}]},"42":{"type":"branch","line":2,"loc":{"start":{"line":2,"column":0},"end":{"line":2,"column":43}},"locations":[{"start":{"line":2,"column":0},"end":{"line":2,"column":43}}]},"43":{"type":"branch","line":2,"loc":{"start":{"line":2,"column":0},"end":{"line":2,"column":43}},"locations":[{"start":{"line":2,"column":0},"end":{"line":2,"column":43}}]},"44":{"type":"branch","line":2,"loc":{"start":{"line":2,"column":0},"end":{"line":2,"column":43}},"locations":[{"start":{"line":2,"column":0},"end":{"line":2,"column":43}}]},"45":{"type":"branch","line":2,"loc":{"start":{"line":2,"column":0},"end":{"line":2,"column":43}},"locations":[{"start":{"line":2,"column":0},"end":{"line":2,"column":43}}]},"46":{"type":"branch","line":2,"loc":{"start":{"line":2,"column":0},"end":{"line":2,"column":43}},"locations":[{"start":{"line":2,"column":0},"end":{"line":2,"column":43}}]},"47":{"type":"branch","line":2,"loc":{"start":{"line":2,"column":0},"end":{"line":2,"column":43}},"locations":[{"start":{"line":2,"column":0},"end":{"line":2,"column":43}}]},"48":{"type":"branch","line":2,"loc":{"start":{"line":2,"column":0},"end":{"line":2,"column":43}},"locations":[{"start":{"line":2,"column":0},"end":{"line":2,"column":43}}]},"49":{"type":"branch","line":2,"loc":{"start":{"line":2,"column":0},"end":{"line":2,"column":43}},"locations":[{"start":{"line":2,"column":0},"end":{"line":2,"column":43}}]},"50":{"type":"branch","line":2,"loc":{"start":{"line":2,"column":0},"end":{"line":2,"column":43}},"locations":[{"start":{"line":2,"column":0},"end":{"line":2,"column":43}}]},"51":{"type":"branch","line":2,"loc":{"start":{"line":2,"column":0},"end":{"line":2,"column":43}},"locations":[{"start":{"line":2,"column":0},"end":{"line":2,"column":43}}]},"52":{"type":"branch","line":2,"loc":{"start":{"line":2,"column":0},"end":{"line":2,"column":43}},"locations":[{"start":{"line":2,"column":0},"end":{"line":2,"column":43}}]},"53":{"type":"branch","line":2,"loc":{"start":{"line":2,"column":0},"end":{"line":2,"column":43}},"locations":[{"start":{"line":2,"column":0},"end":{"line":2,"column":43}}]},"54":{"type":"branch","line":2,"loc":{"start":{"line":2,"column":0},"end":{"line":2,"column":43}},"locations":[{"start":{"line":2,"column":0},"end":{"line":2,"column":43}}]},"55":{"type":"branch","line":2,"loc":{"start":{"line":2,"column":0},"end":{"line":2,"column":43}},"locations":[{"start":{"line":2,"column":0},"end":{"line":2,"column":43}}]},"56":{"type":"branch","line":2,"loc":{"start":{"line":2,"column":0},"end":{"line":2,"column":43}},"locations":[{"start":{"line":2,"column":0},"end":{"line":2,"column":43}}]},"57":{"type":"branch","line":2,"loc":{"start":{"line":2,"column":0},"end":{"line":2,"column":43}},"locations":[{"start":{"line":2,"column":0},"end":{"line":2,"column":43}}]},"58":{"type":"branch","line":2,"loc":{"start":{"line":2,"column":0},"end":{"line":2,"column":43}},"locations":[{"start":{"line":2,"column":0},"end":{"line":2,"column":43}}]},"59":{"type":"branch","line":2,"loc":{"start":{"line":2,"column":0},"end":{"line":2,"column":43}},"locations":[{"start":{"line":2,"column":0},"end":{"line":2,"column":43}}]},"60":{"type":"branch","line":2,"loc":{"start":{"line":2,"column":0},"end":{"line":2,"column":43}},"locations":[{"start":{"line":2,"column":0},"end":{"line":2,"column":43}}]},"61":{"type":"branch","line":2,"loc":{"start":{"line":2,"column":0},"end":{"line":2,"column":43}},"locations":[{"start":{"line":2,"column":0},"end":{"line":2,"column":43}}]},"62":{"type":"branch","line":2,"loc":{"start":{"line":2,"column":0},"end":{"line":2,"column":43}},"locations":[{"start":{"line":2,"column":0},"end":{"line":2,"column":43}}]},"63":{"type":"branch","line":2,"loc":{"start":{"line":2,"column":0},"end":{"line":2,"column":43}},"locations":[{"start":{"line":2,"column":0},"end":{"line":2,"column":43}}]},"64":{"type":"branch","line":2,"loc":{"start":{"line":2,"column":0},"end":{"line":2,"column":43}},"locations":[{"start":{"line":2,"column":0},"end":{"line":2,"column":43}}]},"65":{"type":"branch","line":2,"loc":{"start":{"line":2,"column":0},"end":{"line":2,"column":43}},"locations":[{"start":{"line":2,"column":0},"end":{"line":2,"column":43}}]},"66":{"type":"branch","line":2,"loc":{"start":{"line":2,"column":0},"end":{"line":2,"column":43}},"locations":[{"start":{"line":2,"column":0},"end":{"line":2,"column":43}}]},"67":{"type":"branch","line":2,"loc":{"start":{"line":2,"column":0},"end":{"line":2,"column":43}},"locations":[{"start":{"line":2,"column":0},"end":{"line":2,"column":43}}]},"68":{"type":"branch","line":2,"loc":{"start":{"line":2,"column":0},"end":{"line":2,"column":43}},"locations":[{"start":{"line":2,"column":0},"end":{"line":2,"column":43}}]},"69":{"type":"branch","line":2,"loc":{"start":{"line":2,"column":0},"end":{"line":2,"column":43}},"locations":[{"start":{"line":2,"column":0},"end":{"line":2,"column":43}}]},"70":{"type":"branch","line":2,"loc":{"start":{"line":2,"column":0},"end":{"line":2,"column":43}},"locations":[{"start":{"line":2,"column":0},"end":{"line":2,"column":43}}]},"71":{"type":"branch","line":2,"loc":{"start":{"line":2,"column":0},"end":{"line":2,"column":43}},"locations":[{"start":{"line":2,"column":0},"end":{"line":2,"column":43}}]},"72":{"type":"branch","line":2,"loc":{"start":{"line":2,"column":0},"end":{"line":2,"column":43}},"locations":[{"start":{"line":2,"column":0},"end":{"line":2,"column":43}}]},"73":{"type":"branch","line":2,"loc":{"start":{"line":2,"column":0},"end":{"line":2,"column":43}},"locations":[{"start":{"line":2,"column":0},"end":{"line":2,"column":43}}]},"74":{"type":"branch","line":2,"loc":{"start":{"line":2,"column":0},"end":{"line":2,"column":43}},"locations":[{"start":{"line":2,"column":0},"end":{"line":2,"column":43}}]},"75":{"type":"branch","line":2,"loc":{"start":{"line":2,"column":0},"end":{"line":2,"column":43}},"locations":[{"start":{"line":2,"column":0},"end":{"line":2,"column":43}}]},"76":{"type":"branch","line":2,"loc":{"start":{"line":2,"column":0},"end":{"line":2,"column":43}},"locations":[{"start":{"line":2,"column":0},"end":{"line":2,"column":43}}]},"77":{"type":"branch","line":2,"loc":{"start":{"line":2,"column":0},"end":{"line":2,"column":43}},"locations":[{"start":{"line":2,"column":0},"end":{"line":2,"column":43}}]},"78":{"type":"branch","line":2,"loc":{"start":{"line":2,"column":0},"end":{"line":2,"column":43}},"locations":[{"start":{"line":2,"column":0},"end":{"line":2,"column":43}}]},"79":{"type":"branch","line":2,"loc":{"start":{"line":2,"column":0},"end":{"line":2,"column":43}},"locations":[{"start":{"line":2,"column":0},"end":{"line":2,"column":43}}]},"80":{"type":"branch","line":2,"loc":{"start":{"line":2,"column":0},"end":{"line":2,"column":43}},"locations":[{"start":{"line":2,"column":0},"end":{"line":2,"column":43}}]},"81":{"type":"branch","line":2,"loc":{"start":{"line":2,"column":0},"end":{"line":2,"column":43}},"locations":[{"start":{"line":2,"column":0},"end":{"line":2,"column":43}}]},"82":{"type":"branch","line":2,"loc":{"start":{"line":2,"column":0},"end":{"line":2,"column":43}},"locations":[{"start":{"line":2,"column":0},"end":{"line":2,"column":43}}]},"83":{"type":"branch","line":2,"loc":{"start":{"line":2,"column":0},"end":{"line":2,"column":43}},"locations":[{"start":{"line":2,"column":0},"end":{"line":2,"column":43}}]},"84":{"type":"branch","line":2,"loc":{"start":{"line":2,"column":0},"end":{"line":2,"column":43}},"locations":[{"start":{"line":2,"column":0},"end":{"line":2,"column":43}}]},"85":{"type":"branch","line":2,"loc":{"start":{"line":2,"column":0},"end":{"line":2,"column":43}},"locations":[{"start":{"line":2,"column":0},"end":{"line":2,"column":43}}]},"86":{"type":"branch","line":4,"loc":{"start":{"line":4,"column":27},"end":{"line":4,"column":30}},"locations":[{"start":{"line":4,"column":27},"end":{"line":4,"column":30}}]},"87":{"type":"branch","line":4,"loc":{"start":{"line":4,"column":30},"end":{"line":13,"column":6}},"locations":[{"start":{"line":4,"column":30},"end":{"line":13,"column":6}}]},"88":{"type":"branch","line":4,"loc":{"start":{"line":4,"column":39},"end":{"line":13,"column":6}},"locations":[{"start":{"line":4,"column":39},"end":{"line":13,"column":6}}]},"89":{"type":"branch","line":4,"loc":{"start":{"line":4,"column":39},"end":{"line":8,"column":7}},"locations":[{"start":{"line":4,"column":39},"end":{"line":8,"column":7}}]},"90":{"type":"branch","line":4,"loc":{"start":{"line":4,"column":49},"end":{"line":4,"column":54}},"locations":[{"start":{"line":4,"column":49},"end":{"line":4,"column":54}}]},"91":{"type":"branch","line":8,"loc":{"start":{"line":8,"column":6},"end":{"line":8,"column":7}},"locations":[{"start":{"line":8,"column":6},"end":{"line":8,"column":7}}]},"92":{"type":"branch","line":8,"loc":{"start":{"line":8,"column":6},"end":{"line":13,"column":6}},"locations":[{"start":{"line":8,"column":6},"end":{"line":13,"column":6}}]},"93":{"type":"branch","line":13,"loc":{"start":{"line":13,"column":5},"end":{"line":13,"column":6}},"locations":[{"start":{"line":13,"column":5},"end":{"line":13,"column":6}}]},"94":{"type":"branch","line":13,"loc":{"start":{"line":13,"column":5},"end":{"line":13,"column":6}},"locations":[{"start":{"line":13,"column":5},"end":{"line":13,"column":6}}]}},"b":{"0":[0],"1":[0],"2":[0],"3":[0],"4":[0],"5":[0],"6":[2],"7":[13],"8":[2],"9":[0],"10":[0],"11":[6],"12":[2],"13":[2],"14":[6],"15":[4],"16":[2],"17":[4],"18":[0],"19":[0],"20":[7],"21":[0],"22":[3],"23":[4],"24":[3],"25":[0],"26":[1],"27":[6],"28":[4],"29":[1],"30":[3],"31":[1],"32":[3],"33":[2],"34":[2],"35":[0],"36":[5],"37":[4],"38":[2],"39":[1],"40":[0],"41":[0],"42":[0],"43":[1],"44":[0],"45":[2],"46":[0],"47":[2],"48":[1],"49":[3],"50":[1],"51":[2],"52":[1],"53":[2],"54":[0],"55":[1],"56":[0],"57":[2],"58":[1],"59":[2],"60":[4],"61":[2],"62":[0],"63":[0],"64":[0],"65":[0],"66":[0],"67":[0],"68":[0],"69":[0],"70":[2],"71":[0],"72":[0],"73":[0],"74":[1],"75":[0],"76":[4],"77":[1],"78":[3],"79":[1],"80":[2],"81":[1],"82":[2],"83":[2],"84":[3],"85":[1],"86":[1],"87":[2],"88":[6],"89":[2],"90":[0],"91":[1],"92":[1],"93":[0],"94":[2]},"fnMap":{"0":{"name":"_regeneratorRuntime","decl":{"start":{"line":2,"column":0},"end":{"line":2,"column":43}},"loc":{"start":{"line":2,"column":0},"end":{"line":2,"column":43}},"line":2},"1":{"name":"o","decl":{"start":{"line":2,"column":0},"end":{"line":2,"column":43}},"loc":{"start":{"line":2,"column":0},"end":{"line":2,"column":43}},"line":2},"2":{"name":"define","decl":{"start":{"line":2,"column":0},"end":{"line":2,"column":43}},"loc":{"start":{"line":2,"column":0},"end":{"line":2,"column":43}},"line":2},"3":{"name":"define","decl":{"start":{"line":2,"column":0},"end":{"line":2,"column":43}},"loc":{"start":{"line":2,"column":0},"end":{"line":2,"column":43}},"line":2},"4":{"name":"wrap","decl":{"start":{"line":2,"column":0},"end":{"line":2,"column":43}},"loc":{"start":{"line":2,"column":0},"end":{"line":2,"column":43}},"line":2},"5":{"name":"tryCatch","decl":{"start":{"line":2,"column":0},"end":{"line":2,"column":43}},"loc":{"start":{"line":2,"column":0},"end":{"line":2,"column":43}},"line":2},"6":{"name":"Generator","decl":{"start":{"line":2,"column":0},"end":{"line":2,"column":43}},"loc":{"start":{"line":2,"column":0},"end":{"line":2,"column":43}},"line":2},"7":{"name":"GeneratorFunction","decl":{"start":{"line":2,"column":0},"end":{"line":2,"column":43}},"loc":{"start":{"line":2,"column":0},"end":{"line":2,"column":43}},"line":2},"8":{"name":"GeneratorFunctionPrototype","decl":{"start":{"line":2,"column":0},"end":{"line":2,"column":43}},"loc":{"start":{"line":2,"column":0},"end":{"line":2,"column":43}},"line":2},"9":{"name":"defineIteratorMethods","decl":{"start":{"line":2,"column":0},"end":{"line":2,"column":43}},"loc":{"start":{"line":2,"column":0},"end":{"line":2,"column":43}},"line":2},"10":{"name":"AsyncIterator","decl":{"start":{"line":2,"column":0},"end":{"line":2,"column":43}},"loc":{"start":{"line":2,"column":0},"end":{"line":2,"column":43}},"line":2},"11":{"name":"makeInvokeMethod","decl":{"start":{"line":2,"column":0},"end":{"line":2,"column":43}},"loc":{"start":{"line":2,"column":0},"end":{"line":2,"column":43}},"line":2},"12":{"name":"maybeInvokeDelegate","decl":{"start":{"line":2,"column":0},"end":{"line":2,"column":43}},"loc":{"start":{"line":2,"column":0},"end":{"line":2,"column":43}},"line":2},"13":{"name":"pushTryEntry","decl":{"start":{"line":2,"column":0},"end":{"line":2,"column":43}},"loc":{"start":{"line":2,"column":0},"end":{"line":2,"column":43}},"line":2},"14":{"name":"resetTryEntry","decl":{"start":{"line":2,"column":0},"end":{"line":2,"column":43}},"loc":{"start":{"line":2,"column":0},"end":{"line":2,"column":43}},"line":2},"15":{"name":"Context","decl":{"start":{"line":2,"column":0},"end":{"line":2,"column":43}},"loc":{"start":{"line":2,"column":0},"end":{"line":2,"column":43}},"line":2},"16":{"name":"values","decl":{"start":{"line":2,"column":0},"end":{"line":2,"column":43}},"loc":{"start":{"line":2,"column":0},"end":{"line":2,"column":43}},"line":2},"17":{"name":"next","decl":{"start":{"line":2,"column":0},"end":{"line":2,"column":43}},"loc":{"start":{"line":2,"column":0},"end":{"line":2,"column":43}},"line":2},"18":{"name":"e.isGeneratorFunction","decl":{"start":{"line":2,"column":0},"end":{"line":2,"column":43}},"loc":{"start":{"line":2,"column":0},"end":{"line":2,"column":43}},"line":2},"19":{"name":"e.mark","decl":{"start":{"line":2,"column":0},"end":{"line":2,"column":43}},"loc":{"start":{"line":2,"column":0},"end":{"line":2,"column":43}},"line":2},"20":{"name":"e.awrap","decl":{"start":{"line":2,"column":0},"end":{"line":2,"column":43}},"loc":{"start":{"line":2,"column":0},"end":{"line":2,"column":43}},"line":2},"21":{"name":"e.async","decl":{"start":{"line":2,"column":0},"end":{"line":2,"column":43}},"loc":{"start":{"line":2,"column":0},"end":{"line":2,"column":43}},"line":2},"22":{"name":"e.keys","decl":{"start":{"line":2,"column":0},"end":{"line":2,"column":43}},"loc":{"start":{"line":2,"column":0},"end":{"line":2,"column":43}},"line":2},"23":{"name":"reset","decl":{"start":{"line":2,"column":0},"end":{"line":2,"column":43}},"loc":{"start":{"line":2,"column":0},"end":{"line":2,"column":43}},"line":2},"24":{"name":"stop","decl":{"start":{"line":2,"column":0},"end":{"line":2,"column":43}},"loc":{"start":{"line":2,"column":0},"end":{"line":2,"column":43}},"line":2},"25":{"name":"dispatchException","decl":{"start":{"line":2,"column":0},"end":{"line":2,"column":43}},"loc":{"start":{"line":2,"column":0},"end":{"line":2,"column":43}},"line":2},"26":{"name":"handle","decl":{"start":{"line":2,"column":0},"end":{"line":2,"column":43}},"loc":{"start":{"line":2,"column":0},"end":{"line":2,"column":43}},"line":2},"27":{"name":"abrupt","decl":{"start":{"line":2,"column":0},"end":{"line":2,"column":43}},"loc":{"start":{"line":2,"column":0},"end":{"line":2,"column":43}},"line":2},"28":{"name":"complete","decl":{"start":{"line":2,"column":0},"end":{"line":2,"column":43}},"loc":{"start":{"line":2,"column":0},"end":{"line":2,"column":43}},"line":2},"29":{"name":"finish","decl":{"start":{"line":2,"column":0},"end":{"line":2,"column":43}},"loc":{"start":{"line":2,"column":0},"end":{"line":2,"column":43}},"line":2},"30":{"name":"_catch","decl":{"start":{"line":2,"column":0},"end":{"line":2,"column":43}},"loc":{"start":{"line":2,"column":0},"end":{"line":2,"column":43}},"line":2},"31":{"name":"delegateYield","decl":{"start":{"line":2,"column":0},"end":{"line":2,"column":43}},"loc":{"start":{"line":2,"column":0},"end":{"line":2,"column":43}},"line":2},"32":{"name":"asyncGeneratorStep","decl":{"start":{"line":2,"column":0},"end":{"line":2,"column":43}},"loc":{"start":{"line":2,"column":0},"end":{"line":2,"column":43}},"line":2},"33":{"name":"_asyncToGenerator","decl":{"start":{"line":2,"column":0},"end":{"line":2,"column":43}},"loc":{"start":{"line":2,"column":0},"end":{"line":2,"column":43}},"line":2},"34":{"name":"_next","decl":{"start":{"line":2,"column":0},"end":{"line":2,"column":43}},"loc":{"start":{"line":2,"column":0},"end":{"line":2,"column":43}},"line":2},"35":{"name":"_throw","decl":{"start":{"line":2,"column":0},"end":{"line":2,"column":43}},"loc":{"start":{"line":2,"column":0},"end":{"line":2,"column":43}},"line":2},"36":{"name":"_callee","decl":{"start":{"line":4,"column":30},"end":{"line":13,"column":6}},"loc":{"start":{"line":4,"column":30},"end":{"line":13,"column":6}},"line":4},"37":{"name":"_callee$","decl":{"start":{"line":4,"column":39},"end":{"line":13,"column":6}},"loc":{"start":{"line":4,"column":39},"end":{"line":13,"column":6}},"line":4}},"f":{"0":2,"1":0,"2":13,"3":0,"4":2,"5":6,"6":0,"7":0,"8":0,"9":2,"10":0,"11":2,"12":0,"13":2,"14":5,"15":2,"16":1,"17":0,"18":0,"19":1,"20":0,"21":0,"22":0,"23":2,"24":2,"25":3,"26":2,"27":2,"28":2,"29":0,"30":1,"31":0,"32":4,"33":1,"34":3,"35":1,"36":2,"37":6}}
,"C:\\Users\\user\\OneDrive - MSFT\\Área de Trabalho\\Projeto Integrador DH - Back End\\Grupo-04-Back-End\\src\\modules\\users\\Repository\\findManyUsersRepo.js": {"path":"C:\\Users\\user\\OneDrive - MSFT\\Área de Trabalho\\Projeto Integrador DH - Back End\\Grupo-04-Back-End\\src\\modules\\users\\Repository\\findManyUsersRepo.js","all":false,"statementMap":{"0":{"start":{"line":1,"column":0},"end":{"line":1,"column":39}},"1":{"start":{"line":2,"column":0},"end":{"line":2,"column":43}},"2":{"start":{"line":3,"column":0},"end":{"line":3,"column":0}},"3":{"start":{"line":4,"column":0},"end":{"line":4,"column":40}},"4":{"start":{"line":5,"column":0},"end":{"line":5,"column":40}},"5":{"start":{"line":6,"column":0},"end":{"line":6,"column":15}},"6":{"start":{"line":7,"column":0},"end":{"line":7,"column":6}},"7":{"start":{"line":8,"column":0},"end":{"line":8,"column":7}},"8":{"start":{"line":9,"column":0},"end":{"line":9,"column":28}},"9":{"start":{"line":10,"column":0},"end":{"line":10,"column":0}},"10":{"start":{"line":11,"column":0},"end":{"line":11,"column":16}},"11":{"start":{"line":12,"column":0},"end":{"line":12,"column":24}},"12":{"start":{"line":13,"column":0},"end":{"line":13,"column":13}},"13":{"start":{"line":14,"column":0},"end":{"line":14,"column":11}},"14":{"start":{"line":15,"column":0},"end":{"line":15,"column":39}},"15":{"start":{"line":16,"column":0},"end":{"line":16,"column":12}},"16":{"start":{"line":17,"column":0},"end":{"line":17,"column":11}},"17":{"start":{"line":18,"column":0},"end":{"line":18,"column":37}},"18":{"start":{"line":19,"column":0},"end":{"line":19,"column":12}},"19":{"start":{"line":20,"column":0},"end":{"line":20,"column":10}},"20":{"start":{"line":21,"column":0},"end":{"line":21,"column":8}},"21":{"start":{"line":22,"column":0},"end":{"line":22,"column":5}},"22":{"start":{"line":23,"column":0},"end":{"line":23,"column":41}},"23":{"start":{"line":24,"column":0},"end":{"line":24,"column":28}},"24":{"start":{"line":25,"column":0},"end":{"line":25,"column":16}},"25":{"start":{"line":26,"column":0},"end":{"line":26,"column":42}},"26":{"start":{"line":27,"column":0},"end":{"line":27,"column":8}},"27":{"start":{"line":28,"column":0},"end":{"line":28,"column":15}},"28":{"start":{"line":29,"column":0},"end":{"line":29,"column":17}},"29":{"start":{"line":30,"column":0},"end":{"line":30,"column":19}},"30":{"start":{"line":31,"column":0},"end":{"line":31,"column":22}},"31":{"start":{"line":32,"column":0},"end":{"line":32,"column":20}},"32":{"start":{"line":33,"column":0},"end":{"line":33,"column":18}},"33":{"start":{"line":34,"column":0},"end":{"line":34,"column":26}},"34":{"start":{"line":35,"column":0},"end":{"line":35,"column":18}},"35":{"start":{"line":36,"column":0},"end":{"line":36,"column":19}},"36":{"start":{"line":37,"column":0},"end":{"line":37,"column":24}},"37":{"start":{"line":38,"column":0},"end":{"line":38,"column":24}},"38":{"start":{"line":39,"column":0},"end":{"line":39,"column":8}},"39":{"start":{"line":40,"column":0},"end":{"line":40,"column":19}},"40":{"start":{"line":41,"column":0},"end":{"line":41,"column":24}},"41":{"start":{"line":42,"column":0},"end":{"line":42,"column":7}},"42":{"start":{"line":43,"column":0},"end":{"line":43,"column":19}},"43":{"start":{"line":44,"column":0},"end":{"line":44,"column":11}},"44":{"start":{"line":45,"column":0},"end":{"line":45,"column":56}},"45":{"start":{"line":46,"column":0},"end":{"line":46,"column":49}},"46":{"start":{"line":47,"column":0},"end":{"line":47,"column":6}},"47":{"start":{"line":48,"column":0},"end":{"line":48,"column":3}},"48":{"start":{"line":49,"column":0},"end":{"line":49,"column":2}}},"s":{"0":1,"1":3,"2":1,"3":1,"4":6,"5":6,"6":6,"7":6,"8":6,"9":6,"10":6,"11":2,"12":2,"13":2,"14":2,"15":2,"16":2,"17":2,"18":2,"19":2,"20":2,"21":2,"22":6,"23":6,"24":6,"25":6,"26":6,"27":6,"28":6,"29":6,"30":6,"31":6,"32":6,"33":6,"34":6,"35":6,"36":6,"37":6,"38":6,"39":6,"40":6,"41":6,"42":3,"43":3,"44":3,"45":3,"46":3,"47":1,"48":1},"branchMap":{"0":{"type":"branch","line":2,"loc":{"start":{"line":2,"column":0},"end":{"line":2,"column":43}},"locations":[{"start":{"line":2,"column":0},"end":{"line":2,"column":43}}]},"1":{"type":"branch","line":2,"loc":{"start":{"line":2,"column":0},"end":{"line":2,"column":43}},"locations":[{"start":{"line":2,"column":0},"end":{"line":2,"column":43}}]},"2":{"type":"branch","line":2,"loc":{"start":{"line":2,"column":0},"end":{"line":2,"column":43}},"locations":[{"start":{"line":2,"column":0},"end":{"line":2,"column":43}}]},"3":{"type":"branch","line":2,"loc":{"start":{"line":2,"column":0},"end":{"line":2,"column":43}},"locations":[{"start":{"line":2,"column":0},"end":{"line":2,"column":43}}]},"4":{"type":"branch","line":2,"loc":{"start":{"line":2,"column":0},"end":{"line":2,"column":43}},"locations":[{"start":{"line":2,"column":0},"end":{"line":2,"column":43}}]},"5":{"type":"branch","line":2,"loc":{"start":{"line":2,"column":0},"end":{"line":2,"column":43}},"locations":[{"start":{"line":2,"column":0},"end":{"line":2,"column":43}}]},"6":{"type":"branch","line":2,"loc":{"start":{"line":2,"column":0},"end":{"line":2,"column":43}},"locations":[{"start":{"line":2,"column":0},"end":{"line":2,"column":43}}]},"7":{"type":"branch","line":2,"loc":{"start":{"line":2,"column":0},"end":{"line":2,"column":43}},"locations":[{"start":{"line":2,"column":0},"end":{"line":2,"column":43}}]},"8":{"type":"branch","line":2,"loc":{"start":{"line":2,"column":0},"end":{"line":2,"column":43}},"locations":[{"start":{"line":2,"column":0},"end":{"line":2,"column":43}}]},"9":{"type":"branch","line":2,"loc":{"start":{"line":2,"column":0},"end":{"line":2,"column":43}},"locations":[{"start":{"line":2,"column":0},"end":{"line":2,"column":43}}]},"10":{"type":"branch","line":2,"loc":{"start":{"line":2,"column":0},"end":{"line":2,"column":43}},"locations":[{"start":{"line":2,"column":0},"end":{"line":2,"column":43}}]},"11":{"type":"branch","line":2,"loc":{"start":{"line":2,"column":0},"end":{"line":2,"column":43}},"locations":[{"start":{"line":2,"column":0},"end":{"line":2,"column":43}}]},"12":{"type":"branch","line":2,"loc":{"start":{"line":2,"column":0},"end":{"line":2,"column":43}},"locations":[{"start":{"line":2,"column":0},"end":{"line":2,"column":43}}]},"13":{"type":"branch","line":2,"loc":{"start":{"line":2,"column":0},"end":{"line":2,"column":43}},"locations":[{"start":{"line":2,"column":0},"end":{"line":2,"column":43}}]},"14":{"type":"branch","line":2,"loc":{"start":{"line":2,"column":0},"end":{"line":2,"column":43}},"locations":[{"start":{"line":2,"column":0},"end":{"line":2,"column":43}}]},"15":{"type":"branch","line":2,"loc":{"start":{"line":2,"column":0},"end":{"line":2,"column":43}},"locations":[{"start":{"line":2,"column":0},"end":{"line":2,"column":43}}]},"16":{"type":"branch","line":2,"loc":{"start":{"line":2,"column":0},"end":{"line":2,"column":43}},"locations":[{"start":{"line":2,"column":0},"end":{"line":2,"column":43}}]},"17":{"type":"branch","line":2,"loc":{"start":{"line":2,"column":0},"end":{"line":2,"column":43}},"locations":[{"start":{"line":2,"column":0},"end":{"line":2,"column":43}}]},"18":{"type":"branch","line":2,"loc":{"start":{"line":2,"column":0},"end":{"line":2,"column":43}},"locations":[{"start":{"line":2,"column":0},"end":{"line":2,"column":43}}]},"19":{"type":"branch","line":2,"loc":{"start":{"line":2,"column":0},"end":{"line":2,"column":43}},"locations":[{"start":{"line":2,"column":0},"end":{"line":2,"column":43}}]},"20":{"type":"branch","line":2,"loc":{"start":{"line":2,"column":0},"end":{"line":2,"column":43}},"locations":[{"start":{"line":2,"column":0},"end":{"line":2,"column":43}}]},"21":{"type":"branch","line":2,"loc":{"start":{"line":2,"column":0},"end":{"line":2,"column":43}},"locations":[{"start":{"line":2,"column":0},"end":{"line":2,"column":43}}]},"22":{"type":"branch","line":2,"loc":{"start":{"line":2,"column":0},"end":{"line":2,"column":43}},"locations":[{"start":{"line":2,"column":0},"end":{"line":2,"column":43}}]},"23":{"type":"branch","line":2,"loc":{"start":{"line":2,"column":0},"end":{"line":2,"column":43}},"locations":[{"start":{"line":2,"column":0},"end":{"line":2,"column":43}}]},"24":{"type":"branch","line":2,"loc":{"start":{"line":2,"column":0},"end":{"line":2,"column":43}},"locations":[{"start":{"line":2,"column":0},"end":{"line":2,"column":43}}]},"25":{"type":"branch","line":2,"loc":{"start":{"line":2,"column":0},"end":{"line":2,"column":43}},"locations":[{"start":{"line":2,"column":0},"end":{"line":2,"column":43}}]},"26":{"type":"branch","line":2,"loc":{"start":{"line":2,"column":0},"end":{"line":2,"column":43}},"locations":[{"start":{"line":2,"column":0},"end":{"line":2,"column":43}}]},"27":{"type":"branch","line":2,"loc":{"start":{"line":2,"column":0},"end":{"line":2,"column":43}},"locations":[{"start":{"line":2,"column":0},"end":{"line":2,"column":43}}]},"28":{"type":"branch","line":2,"loc":{"start":{"line":2,"column":0},"end":{"line":2,"column":43}},"locations":[{"start":{"line":2,"column":0},"end":{"line":2,"column":43}}]},"29":{"type":"branch","line":2,"loc":{"start":{"line":2,"column":0},"end":{"line":2,"column":43}},"locations":[{"start":{"line":2,"column":0},"end":{"line":2,"column":43}}]},"30":{"type":"branch","line":2,"loc":{"start":{"line":2,"column":0},"end":{"line":2,"column":43}},"locations":[{"start":{"line":2,"column":0},"end":{"line":2,"column":43}}]},"31":{"type":"branch","line":2,"loc":{"start":{"line":2,"column":0},"end":{"line":2,"column":43}},"locations":[{"start":{"line":2,"column":0},"end":{"line":2,"column":43}}]},"32":{"type":"branch","line":2,"loc":{"start":{"line":2,"column":0},"end":{"line":2,"column":43}},"locations":[{"start":{"line":2,"column":0},"end":{"line":2,"column":43}}]},"33":{"type":"branch","line":2,"loc":{"start":{"line":2,"column":0},"end":{"line":2,"column":43}},"locations":[{"start":{"line":2,"column":0},"end":{"line":2,"column":43}}]},"34":{"type":"branch","line":2,"loc":{"start":{"line":2,"column":0},"end":{"line":2,"column":43}},"locations":[{"start":{"line":2,"column":0},"end":{"line":2,"column":43}}]},"35":{"type":"branch","line":2,"loc":{"start":{"line":2,"column":0},"end":{"line":2,"column":43}},"locations":[{"start":{"line":2,"column":0},"end":{"line":2,"column":43}}]},"36":{"type":"branch","line":2,"loc":{"start":{"line":2,"column":0},"end":{"line":2,"column":43}},"locations":[{"start":{"line":2,"column":0},"end":{"line":2,"column":43}}]},"37":{"type":"branch","line":2,"loc":{"start":{"line":2,"column":0},"end":{"line":2,"column":43}},"locations":[{"start":{"line":2,"column":0},"end":{"line":2,"column":43}}]},"38":{"type":"branch","line":2,"loc":{"start":{"line":2,"column":0},"end":{"line":2,"column":43}},"locations":[{"start":{"line":2,"column":0},"end":{"line":2,"column":43}}]},"39":{"type":"branch","line":2,"loc":{"start":{"line":2,"column":0},"end":{"line":2,"column":43}},"locations":[{"start":{"line":2,"column":0},"end":{"line":2,"column":43}}]},"40":{"type":"branch","line":2,"loc":{"start":{"line":2,"column":0},"end":{"line":2,"column":43}},"locations":[{"start":{"line":2,"column":0},"end":{"line":2,"column":43}}]},"41":{"type":"branch","line":2,"loc":{"start":{"line":2,"column":0},"end":{"line":2,"column":43}},"locations":[{"start":{"line":2,"column":0},"end":{"line":2,"column":43}}]},"42":{"type":"branch","line":2,"loc":{"start":{"line":2,"column":0},"end":{"line":2,"column":43}},"locations":[{"start":{"line":2,"column":0},"end":{"line":2,"column":43}}]},"43":{"type":"branch","line":2,"loc":{"start":{"line":2,"column":0},"end":{"line":2,"column":43}},"locations":[{"start":{"line":2,"column":0},"end":{"line":2,"column":43}}]},"44":{"type":"branch","line":2,"loc":{"start":{"line":2,"column":0},"end":{"line":2,"column":43}},"locations":[{"start":{"line":2,"column":0},"end":{"line":2,"column":43}}]},"45":{"type":"branch","line":2,"loc":{"start":{"line":2,"column":0},"end":{"line":2,"column":43}},"locations":[{"start":{"line":2,"column":0},"end":{"line":2,"column":43}}]},"46":{"type":"branch","line":2,"loc":{"start":{"line":2,"column":0},"end":{"line":2,"column":43}},"locations":[{"start":{"line":2,"column":0},"end":{"line":2,"column":43}}]},"47":{"type":"branch","line":2,"loc":{"start":{"line":2,"column":0},"end":{"line":2,"column":43}},"locations":[{"start":{"line":2,"column":0},"end":{"line":2,"column":43}}]},"48":{"type":"branch","line":2,"loc":{"start":{"line":2,"column":0},"end":{"line":2,"column":43}},"locations":[{"start":{"line":2,"column":0},"end":{"line":2,"column":43}}]},"49":{"type":"branch","line":2,"loc":{"start":{"line":2,"column":0},"end":{"line":2,"column":43}},"locations":[{"start":{"line":2,"column":0},"end":{"line":2,"column":43}}]},"50":{"type":"branch","line":2,"loc":{"start":{"line":2,"column":0},"end":{"line":2,"column":43}},"locations":[{"start":{"line":2,"column":0},"end":{"line":2,"column":43}}]},"51":{"type":"branch","line":2,"loc":{"start":{"line":2,"column":0},"end":{"line":2,"column":43}},"locations":[{"start":{"line":2,"column":0},"end":{"line":2,"column":43}}]},"52":{"type":"branch","line":2,"loc":{"start":{"line":2,"column":0},"end":{"line":2,"column":43}},"locations":[{"start":{"line":2,"column":0},"end":{"line":2,"column":43}}]},"53":{"type":"branch","line":2,"loc":{"start":{"line":2,"column":0},"end":{"line":2,"column":43}},"locations":[{"start":{"line":2,"column":0},"end":{"line":2,"column":43}}]},"54":{"type":"branch","line":2,"loc":{"start":{"line":2,"column":0},"end":{"line":2,"column":43}},"locations":[{"start":{"line":2,"column":0},"end":{"line":2,"column":43}}]},"55":{"type":"branch","line":2,"loc":{"start":{"line":2,"column":0},"end":{"line":2,"column":43}},"locations":[{"start":{"line":2,"column":0},"end":{"line":2,"column":43}}]},"56":{"type":"branch","line":2,"loc":{"start":{"line":2,"column":0},"end":{"line":2,"column":43}},"locations":[{"start":{"line":2,"column":0},"end":{"line":2,"column":43}}]},"57":{"type":"branch","line":2,"loc":{"start":{"line":2,"column":0},"end":{"line":2,"column":43}},"locations":[{"start":{"line":2,"column":0},"end":{"line":2,"column":43}}]},"58":{"type":"branch","line":2,"loc":{"start":{"line":2,"column":0},"end":{"line":2,"column":43}},"locations":[{"start":{"line":2,"column":0},"end":{"line":2,"column":43}}]},"59":{"type":"branch","line":2,"loc":{"start":{"line":2,"column":0},"end":{"line":2,"column":43}},"locations":[{"start":{"line":2,"column":0},"end":{"line":2,"column":43}}]},"60":{"type":"branch","line":2,"loc":{"start":{"line":2,"column":0},"end":{"line":2,"column":43}},"locations":[{"start":{"line":2,"column":0},"end":{"line":2,"column":43}}]},"61":{"type":"branch","line":2,"loc":{"start":{"line":2,"column":0},"end":{"line":2,"column":43}},"locations":[{"start":{"line":2,"column":0},"end":{"line":2,"column":43}}]},"62":{"type":"branch","line":2,"loc":{"start":{"line":2,"column":0},"end":{"line":2,"column":43}},"locations":[{"start":{"line":2,"column":0},"end":{"line":2,"column":43}}]},"63":{"type":"branch","line":2,"loc":{"start":{"line":2,"column":0},"end":{"line":2,"column":43}},"locations":[{"start":{"line":2,"column":0},"end":{"line":2,"column":43}}]},"64":{"type":"branch","line":2,"loc":{"start":{"line":2,"column":0},"end":{"line":2,"column":43}},"locations":[{"start":{"line":2,"column":0},"end":{"line":2,"column":43}}]},"65":{"type":"branch","line":2,"loc":{"start":{"line":2,"column":0},"end":{"line":2,"column":43}},"locations":[{"start":{"line":2,"column":0},"end":{"line":2,"column":43}}]},"66":{"type":"branch","line":2,"loc":{"start":{"line":2,"column":0},"end":{"line":2,"column":43}},"locations":[{"start":{"line":2,"column":0},"end":{"line":2,"column":43}}]},"67":{"type":"branch","line":2,"loc":{"start":{"line":2,"column":0},"end":{"line":2,"column":43}},"locations":[{"start":{"line":2,"column":0},"end":{"line":2,"column":43}}]},"68":{"type":"branch","line":2,"loc":{"start":{"line":2,"column":0},"end":{"line":2,"column":43}},"locations":[{"start":{"line":2,"column":0},"end":{"line":2,"column":43}}]},"69":{"type":"branch","line":2,"loc":{"start":{"line":2,"column":0},"end":{"line":2,"column":43}},"locations":[{"start":{"line":2,"column":0},"end":{"line":2,"column":43}}]},"70":{"type":"branch","line":2,"loc":{"start":{"line":2,"column":0},"end":{"line":2,"column":43}},"locations":[{"start":{"line":2,"column":0},"end":{"line":2,"column":43}}]},"71":{"type":"branch","line":2,"loc":{"start":{"line":2,"column":0},"end":{"line":2,"column":43}},"locations":[{"start":{"line":2,"column":0},"end":{"line":2,"column":43}}]},"72":{"type":"branch","line":2,"loc":{"start":{"line":2,"column":0},"end":{"line":2,"column":43}},"locations":[{"start":{"line":2,"column":0},"end":{"line":2,"column":43}}]},"73":{"type":"branch","line":2,"loc":{"start":{"line":2,"column":0},"end":{"line":2,"column":43}},"locations":[{"start":{"line":2,"column":0},"end":{"line":2,"column":43}}]},"74":{"type":"branch","line":2,"loc":{"start":{"line":2,"column":0},"end":{"line":2,"column":43}},"locations":[{"start":{"line":2,"column":0},"end":{"line":2,"column":43}}]},"75":{"type":"branch","line":2,"loc":{"start":{"line":2,"column":0},"end":{"line":2,"column":43}},"locations":[{"start":{"line":2,"column":0},"end":{"line":2,"column":43}}]},"76":{"type":"branch","line":2,"loc":{"start":{"line":2,"column":0},"end":{"line":2,"column":43}},"locations":[{"start":{"line":2,"column":0},"end":{"line":2,"column":43}}]},"77":{"type":"branch","line":2,"loc":{"start":{"line":2,"column":0},"end":{"line":2,"column":43}},"locations":[{"start":{"line":2,"column":0},"end":{"line":2,"column":43}}]},"78":{"type":"branch","line":2,"loc":{"start":{"line":2,"column":0},"end":{"line":2,"column":43}},"locations":[{"start":{"line":2,"column":0},"end":{"line":2,"column":43}}]},"79":{"type":"branch","line":2,"loc":{"start":{"line":2,"column":0},"end":{"line":2,"column":43}},"locations":[{"start":{"line":2,"column":0},"end":{"line":2,"column":43}}]},"80":{"type":"branch","line":2,"loc":{"start":{"line":2,"column":0},"end":{"line":2,"column":43}},"locations":[{"start":{"line":2,"column":0},"end":{"line":2,"column":43}}]},"81":{"type":"branch","line":2,"loc":{"start":{"line":2,"column":0},"end":{"line":2,"column":43}},"locations":[{"start":{"line":2,"column":0},"end":{"line":2,"column":43}}]},"82":{"type":"branch","line":2,"loc":{"start":{"line":2,"column":0},"end":{"line":2,"column":43}},"locations":[{"start":{"line":2,"column":0},"end":{"line":2,"column":43}}]},"83":{"type":"branch","line":2,"loc":{"start":{"line":2,"column":0},"end":{"line":2,"column":43}},"locations":[{"start":{"line":2,"column":0},"end":{"line":2,"column":43}}]},"84":{"type":"branch","line":2,"loc":{"start":{"line":2,"column":0},"end":{"line":2,"column":43}},"locations":[{"start":{"line":2,"column":0},"end":{"line":2,"column":43}}]},"85":{"type":"branch","line":2,"loc":{"start":{"line":2,"column":0},"end":{"line":2,"column":43}},"locations":[{"start":{"line":2,"column":0},"end":{"line":2,"column":43}}]},"86":{"type":"branch","line":4,"loc":{"start":{"line":4,"column":30},"end":{"line":4,"column":33}},"locations":[{"start":{"line":4,"column":30},"end":{"line":4,"column":33}}]},"87":{"type":"branch","line":4,"loc":{"start":{"line":4,"column":33},"end":{"line":47,"column":6}},"locations":[{"start":{"line":4,"column":33},"end":{"line":47,"column":6}}]},"88":{"type":"branch","line":4,"loc":{"start":{"line":4,"column":33},"end":{"line":47,"column":6}},"locations":[{"start":{"line":4,"column":33},"end":{"line":47,"column":6}}]},"89":{"type":"branch","line":4,"loc":{"start":{"line":4,"column":33},"end":{"line":42,"column":7}},"locations":[{"start":{"line":4,"column":33},"end":{"line":42,"column":7}}]},"90":{"type":"branch","line":6,"loc":{"start":{"line":6,"column":10},"end":{"line":6,"column":15}},"locations":[{"start":{"line":6,"column":10},"end":{"line":6,"column":15}}]},"91":{"type":"branch","line":11,"loc":{"start":{"line":11,"column":15},"end":{"line":22,"column":5}},"locations":[{"start":{"line":11,"column":15},"end":{"line":22,"column":5}}]},"92":{"type":"branch","line":26,"loc":{"start":{"line":26,"column":32},"end":{"line":26,"column":42}},"locations":[{"start":{"line":26,"column":32},"end":{"line":26,"column":42}}]},"93":{"type":"branch","line":42,"loc":{"start":{"line":42,"column":6},"end":{"line":42,"column":7}},"locations":[{"start":{"line":42,"column":6},"end":{"line":42,"column":7}}]},"94":{"type":"branch","line":42,"loc":{"start":{"line":42,"column":6},"end":{"line":47,"column":6}},"locations":[{"start":{"line":42,"column":6},"end":{"line":47,"column":6}}]},"95":{"type":"branch","line":47,"loc":{"start":{"line":47,"column":5},"end":{"line":47,"column":6}},"locations":[{"start":{"line":47,"column":5},"end":{"line":47,"column":6}}]},"96":{"type":"branch","line":47,"loc":{"start":{"line":47,"column":5},"end":{"line":47,"column":6}},"locations":[{"start":{"line":47,"column":5},"end":{"line":47,"column":6}}]}},"b":{"0":[0],"1":[0],"2":[0],"3":[0],"4":[0],"5":[0],"6":[6],"7":[13],"8":[6],"9":[0],"10":[0],"11":[18],"12":[6],"13":[2],"14":[6],"15":[12],"16":[6],"17":[12],"18":[0],"19":[0],"20":[21],"21":[0],"22":[9],"23":[12],"24":[9],"25":[0],"26":[3],"27":[18],"28":[12],"29":[3],"30":[9],"31":[3],"32":[9],"33":[6],"34":[6],"35":[0],"36":[15],"37":[12],"38":[6],"39":[1],"40":[0],"41":[0],"42":[0],"43":[1],"44":[0],"45":[6],"46":[0],"47":[6],"48":[3],"49":[9],"50":[3],"51":[6],"52":[3],"53":[6],"54":[0],"55":[3],"56":[0],"57":[6],"58":[3],"59":[6],"60":[12],"61":[6],"62":[0],"63":[0],"64":[0],"65":[0],"66":[0],"67":[0],"68":[0],"69":[0],"70":[6],"71":[0],"72":[0],"73":[0],"74":[3],"75":[0],"76":[12],"77":[3],"78":[9],"79":[3],"80":[6],"81":[1],"82":[6],"83":[6],"84":[9],"85":[3],"86":[1],"87":[6],"88":[18],"89":[6],"90":[0],"91":[2],"92":[0],"93":[3],"94":[3],"95":[0],"96":[6]},"fnMap":{"0":{"name":"_regeneratorRuntime","decl":{"start":{"line":2,"column":0},"end":{"line":2,"column":43}},"loc":{"start":{"line":2,"column":0},"end":{"line":2,"column":43}},"line":2},"1":{"name":"o","decl":{"start":{"line":2,"column":0},"end":{"line":2,"column":43}},"loc":{"start":{"line":2,"column":0},"end":{"line":2,"column":43}},"line":2},"2":{"name":"define","decl":{"start":{"line":2,"column":0},"end":{"line":2,"column":43}},"loc":{"start":{"line":2,"column":0},"end":{"line":2,"column":43}},"line":2},"3":{"name":"define","decl":{"start":{"line":2,"column":0},"end":{"line":2,"column":43}},"loc":{"start":{"line":2,"column":0},"end":{"line":2,"column":43}},"line":2},"4":{"name":"wrap","decl":{"start":{"line":2,"column":0},"end":{"line":2,"column":43}},"loc":{"start":{"line":2,"column":0},"end":{"line":2,"column":43}},"line":2},"5":{"name":"tryCatch","decl":{"start":{"line":2,"column":0},"end":{"line":2,"column":43}},"loc":{"start":{"line":2,"column":0},"end":{"line":2,"column":43}},"line":2},"6":{"name":"Generator","decl":{"start":{"line":2,"column":0},"end":{"line":2,"column":43}},"loc":{"start":{"line":2,"column":0},"end":{"line":2,"column":43}},"line":2},"7":{"name":"GeneratorFunction","decl":{"start":{"line":2,"column":0},"end":{"line":2,"column":43}},"loc":{"start":{"line":2,"column":0},"end":{"line":2,"column":43}},"line":2},"8":{"name":"GeneratorFunctionPrototype","decl":{"start":{"line":2,"column":0},"end":{"line":2,"column":43}},"loc":{"start":{"line":2,"column":0},"end":{"line":2,"column":43}},"line":2},"9":{"name":"defineIteratorMethods","decl":{"start":{"line":2,"column":0},"end":{"line":2,"column":43}},"loc":{"start":{"line":2,"column":0},"end":{"line":2,"column":43}},"line":2},"10":{"name":"AsyncIterator","decl":{"start":{"line":2,"column":0},"end":{"line":2,"column":43}},"loc":{"start":{"line":2,"column":0},"end":{"line":2,"column":43}},"line":2},"11":{"name":"makeInvokeMethod","decl":{"start":{"line":2,"column":0},"end":{"line":2,"column":43}},"loc":{"start":{"line":2,"column":0},"end":{"line":2,"column":43}},"line":2},"12":{"name":"maybeInvokeDelegate","decl":{"start":{"line":2,"column":0},"end":{"line":2,"column":43}},"loc":{"start":{"line":2,"column":0},"end":{"line":2,"column":43}},"line":2},"13":{"name":"pushTryEntry","decl":{"start":{"line":2,"column":0},"end":{"line":2,"column":43}},"loc":{"start":{"line":2,"column":0},"end":{"line":2,"column":43}},"line":2},"14":{"name":"resetTryEntry","decl":{"start":{"line":2,"column":0},"end":{"line":2,"column":43}},"loc":{"start":{"line":2,"column":0},"end":{"line":2,"column":43}},"line":2},"15":{"name":"Context","decl":{"start":{"line":2,"column":0},"end":{"line":2,"column":43}},"loc":{"start":{"line":2,"column":0},"end":{"line":2,"column":43}},"line":2},"16":{"name":"values","decl":{"start":{"line":2,"column":0},"end":{"line":2,"column":43}},"loc":{"start":{"line":2,"column":0},"end":{"line":2,"column":43}},"line":2},"17":{"name":"next","decl":{"start":{"line":2,"column":0},"end":{"line":2,"column":43}},"loc":{"start":{"line":2,"column":0},"end":{"line":2,"column":43}},"line":2},"18":{"name":"e.isGeneratorFunction","decl":{"start":{"line":2,"column":0},"end":{"line":2,"column":43}},"loc":{"start":{"line":2,"column":0},"end":{"line":2,"column":43}},"line":2},"19":{"name":"e.mark","decl":{"start":{"line":2,"column":0},"end":{"line":2,"column":43}},"loc":{"start":{"line":2,"column":0},"end":{"line":2,"column":43}},"line":2},"20":{"name":"e.awrap","decl":{"start":{"line":2,"column":0},"end":{"line":2,"column":43}},"loc":{"start":{"line":2,"column":0},"end":{"line":2,"column":43}},"line":2},"21":{"name":"e.async","decl":{"start":{"line":2,"column":0},"end":{"line":2,"column":43}},"loc":{"start":{"line":2,"column":0},"end":{"line":2,"column":43}},"line":2},"22":{"name":"e.keys","decl":{"start":{"line":2,"column":0},"end":{"line":2,"column":43}},"loc":{"start":{"line":2,"column":0},"end":{"line":2,"column":43}},"line":2},"23":{"name":"reset","decl":{"start":{"line":2,"column":0},"end":{"line":2,"column":43}},"loc":{"start":{"line":2,"column":0},"end":{"line":2,"column":43}},"line":2},"24":{"name":"stop","decl":{"start":{"line":2,"column":0},"end":{"line":2,"column":43}},"loc":{"start":{"line":2,"column":0},"end":{"line":2,"column":43}},"line":2},"25":{"name":"dispatchException","decl":{"start":{"line":2,"column":0},"end":{"line":2,"column":43}},"loc":{"start":{"line":2,"column":0},"end":{"line":2,"column":43}},"line":2},"26":{"name":"handle","decl":{"start":{"line":2,"column":0},"end":{"line":2,"column":43}},"loc":{"start":{"line":2,"column":0},"end":{"line":2,"column":43}},"line":2},"27":{"name":"abrupt","decl":{"start":{"line":2,"column":0},"end":{"line":2,"column":43}},"loc":{"start":{"line":2,"column":0},"end":{"line":2,"column":43}},"line":2},"28":{"name":"complete","decl":{"start":{"line":2,"column":0},"end":{"line":2,"column":43}},"loc":{"start":{"line":2,"column":0},"end":{"line":2,"column":43}},"line":2},"29":{"name":"finish","decl":{"start":{"line":2,"column":0},"end":{"line":2,"column":43}},"loc":{"start":{"line":2,"column":0},"end":{"line":2,"column":43}},"line":2},"30":{"name":"_catch","decl":{"start":{"line":2,"column":0},"end":{"line":2,"column":43}},"loc":{"start":{"line":2,"column":0},"end":{"line":2,"column":43}},"line":2},"31":{"name":"delegateYield","decl":{"start":{"line":2,"column":0},"end":{"line":2,"column":43}},"loc":{"start":{"line":2,"column":0},"end":{"line":2,"column":43}},"line":2},"32":{"name":"asyncGeneratorStep","decl":{"start":{"line":2,"column":0},"end":{"line":2,"column":43}},"loc":{"start":{"line":2,"column":0},"end":{"line":2,"column":43}},"line":2},"33":{"name":"_asyncToGenerator","decl":{"start":{"line":2,"column":0},"end":{"line":2,"column":43}},"loc":{"start":{"line":2,"column":0},"end":{"line":2,"column":43}},"line":2},"34":{"name":"_next","decl":{"start":{"line":2,"column":0},"end":{"line":2,"column":43}},"loc":{"start":{"line":2,"column":0},"end":{"line":2,"column":43}},"line":2},"35":{"name":"_throw","decl":{"start":{"line":2,"column":0},"end":{"line":2,"column":43}},"loc":{"start":{"line":2,"column":0},"end":{"line":2,"column":43}},"line":2},"36":{"name":"_callee","decl":{"start":{"line":4,"column":33},"end":{"line":47,"column":6}},"loc":{"start":{"line":4,"column":33},"end":{"line":47,"column":6}},"line":4},"37":{"name":"_callee$","decl":{"start":{"line":4,"column":33},"end":{"line":47,"column":6}},"loc":{"start":{"line":4,"column":33},"end":{"line":47,"column":6}},"line":4}},"f":{"0":6,"1":0,"2":13,"3":0,"4":6,"5":18,"6":0,"7":0,"8":0,"9":2,"10":0,"11":6,"12":0,"13":6,"14":15,"15":6,"16":1,"17":0,"18":0,"19":1,"20":0,"21":0,"22":0,"23":6,"24":6,"25":9,"26":6,"27":6,"28":6,"29":0,"30":3,"31":0,"32":12,"33":1,"34":9,"35":3,"36":6,"37":18}}
,"C:\\Users\\user\\OneDrive - MSFT\\Área de Trabalho\\Projeto Integrador DH - Back End\\Grupo-04-Back-End\\src\\modules\\users\\Repository\\findUserByIdRepo.js": {"path":"C:\\Users\\user\\OneDrive - MSFT\\Área de Trabalho\\Projeto Integrador DH - Back End\\Grupo-04-Back-End\\src\\modules\\users\\Repository\\findUserByIdRepo.js","all":false,"statementMap":{"0":{"start":{"line":1,"column":0},"end":{"line":1,"column":39}},"1":{"start":{"line":2,"column":0},"end":{"line":2,"column":43}},"2":{"start":{"line":3,"column":0},"end":{"line":3,"column":0}},"3":{"start":{"line":4,"column":0},"end":{"line":4,"column":62}},"4":{"start":{"line":5,"column":0},"end":{"line":5,"column":7}},"5":{"start":{"line":6,"column":0},"end":{"line":6,"column":43}},"6":{"start":{"line":7,"column":0},"end":{"line":7,"column":20}},"7":{"start":{"line":8,"column":0},"end":{"line":8,"column":15}},"8":{"start":{"line":9,"column":0},"end":{"line":9,"column":17}},"9":{"start":{"line":10,"column":0},"end":{"line":10,"column":19}},"10":{"start":{"line":11,"column":0},"end":{"line":11,"column":22}},"11":{"start":{"line":12,"column":0},"end":{"line":12,"column":20}},"12":{"start":{"line":13,"column":0},"end":{"line":13,"column":18}},"13":{"start":{"line":14,"column":0},"end":{"line":14,"column":26}},"14":{"start":{"line":15,"column":0},"end":{"line":15,"column":18}},"15":{"start":{"line":16,"column":0},"end":{"line":16,"column":19}},"16":{"start":{"line":17,"column":0},"end":{"line":17,"column":24}},"17":{"start":{"line":18,"column":0},"end":{"line":18,"column":24}},"18":{"start":{"line":19,"column":0},"end":{"line":19,"column":68}},"19":{"start":{"line":20,"column":0},"end":{"line":20,"column":8}},"20":{"start":{"line":21,"column":0},"end":{"line":21,"column":7}},"21":{"start":{"line":22,"column":0},"end":{"line":22,"column":19}},"22":{"start":{"line":23,"column":0},"end":{"line":23,"column":11}},"23":{"start":{"line":24,"column":0},"end":{"line":24,"column":60}},"24":{"start":{"line":25,"column":0},"end":{"line":25,"column":49}},"25":{"start":{"line":26,"column":0},"end":{"line":26,"column":6}},"26":{"start":{"line":27,"column":0},"end":{"line":27,"column":3}},"27":{"start":{"line":28,"column":0},"end":{"line":28,"column":2}}},"s":{"0":1,"1":1,"2":1,"3":1,"4":2,"5":2,"6":2,"7":2,"8":2,"9":2,"10":2,"11":2,"12":2,"13":2,"14":2,"15":2,"16":2,"17":2,"18":2,"19":2,"20":2,"21":1,"22":1,"23":1,"24":1,"25":1,"26":1,"27":1},"branchMap":{"0":{"type":"branch","line":2,"loc":{"start":{"line":2,"column":0},"end":{"line":2,"column":43}},"locations":[{"start":{"line":2,"column":0},"end":{"line":2,"column":43}}]},"1":{"type":"branch","line":2,"loc":{"start":{"line":2,"column":0},"end":{"line":2,"column":43}},"locations":[{"start":{"line":2,"column":0},"end":{"line":2,"column":43}}]},"2":{"type":"branch","line":2,"loc":{"start":{"line":2,"column":0},"end":{"line":2,"column":43}},"locations":[{"start":{"line":2,"column":0},"end":{"line":2,"column":43}}]},"3":{"type":"branch","line":2,"loc":{"start":{"line":2,"column":0},"end":{"line":2,"column":43}},"locations":[{"start":{"line":2,"column":0},"end":{"line":2,"column":43}}]},"4":{"type":"branch","line":2,"loc":{"start":{"line":2,"column":0},"end":{"line":2,"column":43}},"locations":[{"start":{"line":2,"column":0},"end":{"line":2,"column":43}}]},"5":{"type":"branch","line":2,"loc":{"start":{"line":2,"column":0},"end":{"line":2,"column":43}},"locations":[{"start":{"line":2,"column":0},"end":{"line":2,"column":43}}]},"6":{"type":"branch","line":2,"loc":{"start":{"line":2,"column":0},"end":{"line":2,"column":43}},"locations":[{"start":{"line":2,"column":0},"end":{"line":2,"column":43}}]},"7":{"type":"branch","line":2,"loc":{"start":{"line":2,"column":0},"end":{"line":2,"column":43}},"locations":[{"start":{"line":2,"column":0},"end":{"line":2,"column":43}}]},"8":{"type":"branch","line":2,"loc":{"start":{"line":2,"column":0},"end":{"line":2,"column":43}},"locations":[{"start":{"line":2,"column":0},"end":{"line":2,"column":43}}]},"9":{"type":"branch","line":2,"loc":{"start":{"line":2,"column":0},"end":{"line":2,"column":43}},"locations":[{"start":{"line":2,"column":0},"end":{"line":2,"column":43}}]},"10":{"type":"branch","line":2,"loc":{"start":{"line":2,"column":0},"end":{"line":2,"column":43}},"locations":[{"start":{"line":2,"column":0},"end":{"line":2,"column":43}}]},"11":{"type":"branch","line":2,"loc":{"start":{"line":2,"column":0},"end":{"line":2,"column":43}},"locations":[{"start":{"line":2,"column":0},"end":{"line":2,"column":43}}]},"12":{"type":"branch","line":2,"loc":{"start":{"line":2,"column":0},"end":{"line":2,"column":43}},"locations":[{"start":{"line":2,"column":0},"end":{"line":2,"column":43}}]},"13":{"type":"branch","line":2,"loc":{"start":{"line":2,"column":0},"end":{"line":2,"column":43}},"locations":[{"start":{"line":2,"column":0},"end":{"line":2,"column":43}}]},"14":{"type":"branch","line":2,"loc":{"start":{"line":2,"column":0},"end":{"line":2,"column":43}},"locations":[{"start":{"line":2,"column":0},"end":{"line":2,"column":43}}]},"15":{"type":"branch","line":2,"loc":{"start":{"line":2,"column":0},"end":{"line":2,"column":43}},"locations":[{"start":{"line":2,"column":0},"end":{"line":2,"column":43}}]},"16":{"type":"branch","line":2,"loc":{"start":{"line":2,"column":0},"end":{"line":2,"column":43}},"locations":[{"start":{"line":2,"column":0},"end":{"line":2,"column":43}}]},"17":{"type":"branch","line":2,"loc":{"start":{"line":2,"column":0},"end":{"line":2,"column":43}},"locations":[{"start":{"line":2,"column":0},"end":{"line":2,"column":43}}]},"18":{"type":"branch","line":2,"loc":{"start":{"line":2,"column":0},"end":{"line":2,"column":43}},"locations":[{"start":{"line":2,"column":0},"end":{"line":2,"column":43}}]},"19":{"type":"branch","line":2,"loc":{"start":{"line":2,"column":0},"end":{"line":2,"column":43}},"locations":[{"start":{"line":2,"column":0},"end":{"line":2,"column":43}}]},"20":{"type":"branch","line":2,"loc":{"start":{"line":2,"column":0},"end":{"line":2,"column":43}},"locations":[{"start":{"line":2,"column":0},"end":{"line":2,"column":43}}]},"21":{"type":"branch","line":2,"loc":{"start":{"line":2,"column":0},"end":{"line":2,"column":43}},"locations":[{"start":{"line":2,"column":0},"end":{"line":2,"column":43}}]},"22":{"type":"branch","line":2,"loc":{"start":{"line":2,"column":0},"end":{"line":2,"column":43}},"locations":[{"start":{"line":2,"column":0},"end":{"line":2,"column":43}}]},"23":{"type":"branch","line":2,"loc":{"start":{"line":2,"column":0},"end":{"line":2,"column":43}},"locations":[{"start":{"line":2,"column":0},"end":{"line":2,"column":43}}]},"24":{"type":"branch","line":2,"loc":{"start":{"line":2,"column":0},"end":{"line":2,"column":43}},"locations":[{"start":{"line":2,"column":0},"end":{"line":2,"column":43}}]},"25":{"type":"branch","line":2,"loc":{"start":{"line":2,"column":0},"end":{"line":2,"column":43}},"locations":[{"start":{"line":2,"column":0},"end":{"line":2,"column":43}}]},"26":{"type":"branch","line":2,"loc":{"start":{"line":2,"column":0},"end":{"line":2,"column":43}},"locations":[{"start":{"line":2,"column":0},"end":{"line":2,"column":43}}]},"27":{"type":"branch","line":2,"loc":{"start":{"line":2,"column":0},"end":{"line":2,"column":43}},"locations":[{"start":{"line":2,"column":0},"end":{"line":2,"column":43}}]},"28":{"type":"branch","line":2,"loc":{"start":{"line":2,"column":0},"end":{"line":2,"column":43}},"locations":[{"start":{"line":2,"column":0},"end":{"line":2,"column":43}}]},"29":{"type":"branch","line":2,"loc":{"start":{"line":2,"column":0},"end":{"line":2,"column":43}},"locations":[{"start":{"line":2,"column":0},"end":{"line":2,"column":43}}]},"30":{"type":"branch","line":2,"loc":{"start":{"line":2,"column":0},"end":{"line":2,"column":43}},"locations":[{"start":{"line":2,"column":0},"end":{"line":2,"column":43}}]},"31":{"type":"branch","line":2,"loc":{"start":{"line":2,"column":0},"end":{"line":2,"column":43}},"locations":[{"start":{"line":2,"column":0},"end":{"line":2,"column":43}}]},"32":{"type":"branch","line":2,"loc":{"start":{"line":2,"column":0},"end":{"line":2,"column":43}},"locations":[{"start":{"line":2,"column":0},"end":{"line":2,"column":43}}]},"33":{"type":"branch","line":2,"loc":{"start":{"line":2,"column":0},"end":{"line":2,"column":43}},"locations":[{"start":{"line":2,"column":0},"end":{"line":2,"column":43}}]},"34":{"type":"branch","line":2,"loc":{"start":{"line":2,"column":0},"end":{"line":2,"column":43}},"locations":[{"start":{"line":2,"column":0},"end":{"line":2,"column":43}}]},"35":{"type":"branch","line":2,"loc":{"start":{"line":2,"column":0},"end":{"line":2,"column":43}},"locations":[{"start":{"line":2,"column":0},"end":{"line":2,"column":43}}]},"36":{"type":"branch","line":2,"loc":{"start":{"line":2,"column":0},"end":{"line":2,"column":43}},"locations":[{"start":{"line":2,"column":0},"end":{"line":2,"column":43}}]},"37":{"type":"branch","line":2,"loc":{"start":{"line":2,"column":0},"end":{"line":2,"column":43}},"locations":[{"start":{"line":2,"column":0},"end":{"line":2,"column":43}}]},"38":{"type":"branch","line":2,"loc":{"start":{"line":2,"column":0},"end":{"line":2,"column":43}},"locations":[{"start":{"line":2,"column":0},"end":{"line":2,"column":43}}]},"39":{"type":"branch","line":2,"loc":{"start":{"line":2,"column":0},"end":{"line":2,"column":43}},"locations":[{"start":{"line":2,"column":0},"end":{"line":2,"column":43}}]},"40":{"type":"branch","line":2,"loc":{"start":{"line":2,"column":0},"end":{"line":2,"column":43}},"locations":[{"start":{"line":2,"column":0},"end":{"line":2,"column":43}}]},"41":{"type":"branch","line":2,"loc":{"start":{"line":2,"column":0},"end":{"line":2,"column":43}},"locations":[{"start":{"line":2,"column":0},"end":{"line":2,"column":43}}]},"42":{"type":"branch","line":2,"loc":{"start":{"line":2,"column":0},"end":{"line":2,"column":43}},"locations":[{"start":{"line":2,"column":0},"end":{"line":2,"column":43}}]},"43":{"type":"branch","line":2,"loc":{"start":{"line":2,"column":0},"end":{"line":2,"column":43}},"locations":[{"start":{"line":2,"column":0},"end":{"line":2,"column":43}}]},"44":{"type":"branch","line":2,"loc":{"start":{"line":2,"column":0},"end":{"line":2,"column":43}},"locations":[{"start":{"line":2,"column":0},"end":{"line":2,"column":43}}]},"45":{"type":"branch","line":2,"loc":{"start":{"line":2,"column":0},"end":{"line":2,"column":43}},"locations":[{"start":{"line":2,"column":0},"end":{"line":2,"column":43}}]},"46":{"type":"branch","line":2,"loc":{"start":{"line":2,"column":0},"end":{"line":2,"column":43}},"locations":[{"start":{"line":2,"column":0},"end":{"line":2,"column":43}}]},"47":{"type":"branch","line":2,"loc":{"start":{"line":2,"column":0},"end":{"line":2,"column":43}},"locations":[{"start":{"line":2,"column":0},"end":{"line":2,"column":43}}]},"48":{"type":"branch","line":2,"loc":{"start":{"line":2,"column":0},"end":{"line":2,"column":43}},"locations":[{"start":{"line":2,"column":0},"end":{"line":2,"column":43}}]},"49":{"type":"branch","line":2,"loc":{"start":{"line":2,"column":0},"end":{"line":2,"column":43}},"locations":[{"start":{"line":2,"column":0},"end":{"line":2,"column":43}}]},"50":{"type":"branch","line":2,"loc":{"start":{"line":2,"column":0},"end":{"line":2,"column":43}},"locations":[{"start":{"line":2,"column":0},"end":{"line":2,"column":43}}]},"51":{"type":"branch","line":2,"loc":{"start":{"line":2,"column":0},"end":{"line":2,"column":43}},"locations":[{"start":{"line":2,"column":0},"end":{"line":2,"column":43}}]},"52":{"type":"branch","line":2,"loc":{"start":{"line":2,"column":0},"end":{"line":2,"column":43}},"locations":[{"start":{"line":2,"column":0},"end":{"line":2,"column":43}}]},"53":{"type":"branch","line":2,"loc":{"start":{"line":2,"column":0},"end":{"line":2,"column":43}},"locations":[{"start":{"line":2,"column":0},"end":{"line":2,"column":43}}]},"54":{"type":"branch","line":2,"loc":{"start":{"line":2,"column":0},"end":{"line":2,"column":43}},"locations":[{"start":{"line":2,"column":0},"end":{"line":2,"column":43}}]},"55":{"type":"branch","line":2,"loc":{"start":{"line":2,"column":0},"end":{"line":2,"column":43}},"locations":[{"start":{"line":2,"column":0},"end":{"line":2,"column":43}}]},"56":{"type":"branch","line":2,"loc":{"start":{"line":2,"column":0},"end":{"line":2,"column":43}},"locations":[{"start":{"line":2,"column":0},"end":{"line":2,"column":43}}]},"57":{"type":"branch","line":2,"loc":{"start":{"line":2,"column":0},"end":{"line":2,"column":43}},"locations":[{"start":{"line":2,"column":0},"end":{"line":2,"column":43}}]},"58":{"type":"branch","line":2,"loc":{"start":{"line":2,"column":0},"end":{"line":2,"column":43}},"locations":[{"start":{"line":2,"column":0},"end":{"line":2,"column":43}}]},"59":{"type":"branch","line":2,"loc":{"start":{"line":2,"column":0},"end":{"line":2,"column":43}},"locations":[{"start":{"line":2,"column":0},"end":{"line":2,"column":43}}]},"60":{"type":"branch","line":2,"loc":{"start":{"line":2,"column":0},"end":{"line":2,"column":43}},"locations":[{"start":{"line":2,"column":0},"end":{"line":2,"column":43}}]},"61":{"type":"branch","line":2,"loc":{"start":{"line":2,"column":0},"end":{"line":2,"column":43}},"locations":[{"start":{"line":2,"column":0},"end":{"line":2,"column":43}}]},"62":{"type":"branch","line":2,"loc":{"start":{"line":2,"column":0},"end":{"line":2,"column":43}},"locations":[{"start":{"line":2,"column":0},"end":{"line":2,"column":43}}]},"63":{"type":"branch","line":2,"loc":{"start":{"line":2,"column":0},"end":{"line":2,"column":43}},"locations":[{"start":{"line":2,"column":0},"end":{"line":2,"column":43}}]},"64":{"type":"branch","line":2,"loc":{"start":{"line":2,"column":0},"end":{"line":2,"column":43}},"locations":[{"start":{"line":2,"column":0},"end":{"line":2,"column":43}}]},"65":{"type":"branch","line":2,"loc":{"start":{"line":2,"column":0},"end":{"line":2,"column":43}},"locations":[{"start":{"line":2,"column":0},"end":{"line":2,"column":43}}]},"66":{"type":"branch","line":2,"loc":{"start":{"line":2,"column":0},"end":{"line":2,"column":43}},"locations":[{"start":{"line":2,"column":0},"end":{"line":2,"column":43}}]},"67":{"type":"branch","line":2,"loc":{"start":{"line":2,"column":0},"end":{"line":2,"column":43}},"locations":[{"start":{"line":2,"column":0},"end":{"line":2,"column":43}}]},"68":{"type":"branch","line":2,"loc":{"start":{"line":2,"column":0},"end":{"line":2,"column":43}},"locations":[{"start":{"line":2,"column":0},"end":{"line":2,"column":43}}]},"69":{"type":"branch","line":2,"loc":{"start":{"line":2,"column":0},"end":{"line":2,"column":43}},"locations":[{"start":{"line":2,"column":0},"end":{"line":2,"column":43}}]},"70":{"type":"branch","line":2,"loc":{"start":{"line":2,"column":0},"end":{"line":2,"column":43}},"locations":[{"start":{"line":2,"column":0},"end":{"line":2,"column":43}}]},"71":{"type":"branch","line":2,"loc":{"start":{"line":2,"column":0},"end":{"line":2,"column":43}},"locations":[{"start":{"line":2,"column":0},"end":{"line":2,"column":43}}]},"72":{"type":"branch","line":2,"loc":{"start":{"line":2,"column":0},"end":{"line":2,"column":43}},"locations":[{"start":{"line":2,"column":0},"end":{"line":2,"column":43}}]},"73":{"type":"branch","line":2,"loc":{"start":{"line":2,"column":0},"end":
[...]
e":2,"column":0},"end":{"line":2,"column":43}},"line":2},"18":{"name":"e.isGeneratorFunction","decl":{"start":{"line":2,"column":0},"end":{"line":2,"column":43}},"loc":{"start":{"line":2,"column":0},"end":{"line":2,"column":43}},"line":2},"19":{"name":"e.mark","decl":{"start":{"line":2,"column":0},"end":{"line":2,"column":43}},"loc":{"start":{"line":2,"column":0},"end":{"line":2,"column":43}},"line":2},"20":{"name":"e.awrap","decl":{"start":{"line":2,"column":0},"end":{"line":2,"column":43}},"loc":{"start":{"line":2,"column":0},"end":{"line":2,"column":43}},"line":2},"21":{"name":"e.async","decl":{"start":{"line":2,"column":0},"end":{"line":2,"column":43}},"loc":{"start":{"line":2,"column":0},"end":{"line":2,"column":43}},"line":2},"22":{"name":"e.keys","decl":{"start":{"line":2,"column":0},"end":{"line":2,"column":43}},"loc":{"start":{"line":2,"column":0},"end":{"line":2,"column":43}},"line":2},"23":{"name":"reset","decl":{"start":{"line":2,"column":0},"end":{"line":2,"column":43}},"loc":{"start":{"line":2,"column":0},"end":{"line":2,"column":43}},"line":2},"24":{"name":"stop","decl":{"start":{"line":2,"column":0},"end":{"line":2,"column":43}},"loc":{"start":{"line":2,"column":0},"end":{"line":2,"column":43}},"line":2},"25":{"name":"dispatchException","decl":{"start":{"line":2,"column":0},"end":{"line":2,"column":43}},"loc":{"start":{"line":2,"column":0},"end":{"line":2,"column":43}},"line":2},"26":{"name":"handle","decl":{"start":{"line":2,"column":0},"end":{"line":2,"column":43}},"loc":{"start":{"line":2,"column":0},"end":{"line":2,"column":43}},"line":2},"27":{"name":"abrupt","decl":{"start":{"line":2,"column":0},"end":{"line":2,"column":43}},"loc":{"start":{"line":2,"column":0},"end":{"line":2,"column":43}},"line":2},"28":{"name":"complete","decl":{"start":{"line":2,"column":0},"end":{"line":2,"column":43}},"loc":{"start":{"line":2,"column":0},"end":{"line":2,"column":43}},"line":2},"29":{"name":"finish","decl":{"start":{"line":2,"column":0},"end":{"line":2,"column":43}},"loc":{"start":{"line":2,"column":0},"end":{"line":2,"column":43}},"line":2},"30":{"name":"_catch","decl":{"start":{"line":2,"column":0},"end":{"line":2,"column":43}},"loc":{"start":{"line":2,"column":0},"end":{"line":2,"column":43}},"line":2},"31":{"name":"delegateYield","decl":{"start":{"line":2,"column":0},"end":{"line":2,"column":43}},"loc":{"start":{"line":2,"column":0},"end":{"line":2,"column":43}},"line":2},"32":{"name":"asyncGeneratorStep","decl":{"start":{"line":2,"column":0},"end":{"line":2,"column":43}},"loc":{"start":{"line":2,"column":0},"end":{"line":2,"column":43}},"line":2},"33":{"name":"_asyncToGenerator","decl":{"start":{"line":2,"column":0},"end":{"line":2,"column":43}},"loc":{"start":{"line":2,"column":0},"end":{"line":2,"column":43}},"line":2},"34":{"name":"_next","decl":{"start":{"line":2,"column":0},"end":{"line":2,"column":43}},"loc":{"start":{"line":2,"column":0},"end":{"line":2,"column":43}},"line":2},"35":{"name":"_throw","decl":{"start":{"line":2,"column":0},"end":{"line":2,"column":43}},"loc":{"start":{"line":2,"column":0},"end":{"line":2,"column":43}},"line":2},"36":{"name":"_callee","decl":{"start":{"line":4,"column":30},"end":{"line":26,"column":6}},"loc":{"start":{"line":4,"column":30},"end":{"line":26,"column":6}},"line":4},"37":{"name":"_callee$","decl":{"start":{"line":4,"column":51},"end":{"line":26,"column":6}},"loc":{"start":{"line":4,"column":51},"end":{"line":26,"column":6}},"line":4}},"f":{"0":4,"1":0,"2":13,"3":0,"4":4,"5":12,"6":0,"7":0,"8":0,"9":2,"10":0,"11":4,"12":0,"13":4,"14":11,"15":4,"16":1,"17":0,"18":0,"19":1,"20":0,"21":0,"22":0,"23":4,"24":4,"25":9,"26":6,"27":2,"28":2,"29":0,"30":3,"31":0,"32":8,"33":1,"34":5,"35":3,"36":4,"37":12}}
,"C:\\Users\\user\\OneDrive - MSFT\\Área de Trabalho\\Projeto Integrador DH - Back End\\Grupo-04-Back-End\\src\\utils\\cpfValidator.js": {"path":"C:\\Users\\user\\OneDrive - MSFT\\Área de Trabalho\\Projeto Integrador DH - Back End\\Grupo-04-Back-End\\src\\utils\\cpfValidator.js","all":false,"statementMap":{"0":{"start":{"line":1,"column":0},"end":{"line":1,"column":35}},"1":{"start":{"line":2,"column":0},"end":{"line":2,"column":34}},"2":{"start":{"line":3,"column":0},"end":{"line":3,"column":0}},"3":{"start":{"line":4,"column":0},"end":{"line":4,"column":26}},"4":{"start":{"line":5,"column":0},"end":{"line":5,"column":17}},"5":{"start":{"line":6,"column":0},"end":{"line":6,"column":3}},"6":{"start":{"line":7,"column":0},"end":{"line":7,"column":0}},"7":{"start":{"line":8,"column":0},"end":{"line":8,"column":14}},"8":{"start":{"line":9,"column":0},"end":{"line":9,"column":31}},"9":{"start":{"line":10,"column":0},"end":{"line":10,"column":46}},"10":{"start":{"line":11,"column":0},"end":{"line":11,"column":3}},"11":{"start":{"line":12,"column":0},"end":{"line":12,"column":34}},"12":{"start":{"line":13,"column":0},"end":{"line":13,"column":68}},"13":{"start":{"line":14,"column":0},"end":{"line":14,"column":0}},"14":{"start":{"line":15,"column":0},"end":{"line":15,"column":43}},"15":{"start":{"line":16,"column":0},"end":{"line":16,"column":17}},"16":{"start":{"line":17,"column":0},"end":{"line":17,"column":3}},"17":{"start":{"line":18,"column":0},"end":{"line":18,"column":0}},"18":{"start":{"line":19,"column":0},"end":{"line":19,"column":10}},"19":{"start":{"line":20,"column":0},"end":{"line":20,"column":32}},"20":{"start":{"line":21,"column":0},"end":{"line":21,"column":46}},"21":{"start":{"line":22,"column":0},"end":{"line":22,"column":3}},"22":{"start":{"line":23,"column":0},"end":{"line":23,"column":30}},"23":{"start":{"line":24,"column":0},"end":{"line":24,"column":68}},"24":{"start":{"line":25,"column":0},"end":{"line":25,"column":0}},"25":{"start":{"line":26,"column":0},"end":{"line":26,"column":44}},"26":{"start":{"line":27,"column":0},"end":{"line":27,"column":17}},"27":{"start":{"line":28,"column":0},"end":{"line":28,"column":3}},"28":{"start":{"line":29,"column":0},"end":{"line":29,"column":0}},"29":{"start":{"line":30,"column":0},"end":{"line":30,"column":14}},"30":{"start":{"line":31,"column":0},"end":{"line":31,"column":2}}},"s":{"0":1,"1":0,"2":0,"3":0,"4":0,"5":0,"6":0,"7":0,"8":0,"9":0,"10":0,"11":0,"12":0,"13":0,"14":0,"15":0,"16":0,"17":0,"18":0,"19":0,"20":0,"21":0,"22":0,"23":0,"24":0,"25":0,"26":0,"27":0,"28":0,"29":0,"30":0},"branchMap":{},"b":{},"fnMap":{"0":{"name":"validateCPF","decl":{"start":{"line":1,"column":27},"end":{"line":31,"column":2}},"loc":{"start":{"line":1,"column":27},"end":{"line":31,"column":2}},"line":1}},"f":{"0":0}}
,"C:\\Users\\user\\OneDrive - MSFT\\Área de Trabalho\\Projeto Integrador DH - Back End\\Grupo-04-Back-End\\src\\utils\\datesOnInterval.js": {"path":"C:\\Users\\user\\OneDrive - MSFT\\Área de Trabalho\\Projeto Integrador DH - Back End\\Grupo-04-Back-End\\src\\utils\\datesOnInterval.js","all":false,"statementMap":{"0":{"start":{"line":1,"column":0},"end":{"line":1,"column":26}},"1":{"start":{"line":2,"column":0},"end":{"line":2,"column":0}},"2":{"start":{"line":3,"column":0},"end":{"line":3,"column":66}},"3":{"start":{"line":4,"column":0},"end":{"line":4,"column":29}},"4":{"start":{"line":5,"column":0},"end":{"line":5,"column":0}},"5":{"start":{"line":6,"column":0},"end":{"line":6,"column":38}},"6":{"start":{"line":7,"column":0},"end":{"line":7,"column":0}},"7":{"start":{"line":8,"column":0},"end":{"line":8,"column":63}},"8":{"start":{"line":9,"column":0},"end":{"line":9,"column":58}},"9":{"start":{"line":10,"column":0},"end":{"line":10,"column":0}},"10":{"start":{"line":11,"column":0},"end":{"line":11,"column":42}},"11":{"start":{"line":12,"column":0},"end":{"line":12,"column":3}},"12":{"start":{"line":13,"column":0},"end":{"line":13,"column":25}},"13":{"start":{"line":14,"column":0},"end":{"line":14,"column":2}}},"s":{"0":1,"1":1,"2":1,"3":0,"4":0,"5":0,"6":0,"7":0,"8":0,"9":0,"10":0,"11":0,"12":0,"13":0},"branchMap":{},"b":{},"fnMap":{"0":{"name":"obtainDatesOnInterval","decl":{"start":{"line":3,"column":37},"end":{"line":14,"column":2}},"loc":{"start":{"line":3,"column":37},"end":{"line":14,"column":2}},"line":3}},"f":{"0":0}}
,"C:\\Users\\user\\OneDrive - MSFT\\Área de Trabalho\\Projeto Integrador DH - Back End\\Grupo-04-Back-End\\src\\utils\\index.js": {"path":"C:\\Users\\user\\OneDrive - MSFT\\Área de Trabalho\\Projeto Integrador DH - Back End\\Grupo-04-Back-End\\src\\utils\\index.js","all":false,"statementMap":{"0":{"start":{"line":1,"column":0},"end":{"line":1,"column":34}},"1":{"start":{"line":2,"column":0},"end":{"line":2,"column":25}},"2":{"start":{"line":3,"column":0},"end":{"line":3,"column":27}},"3":{"start":{"line":4,"column":0},"end":{"line":4,"column":45}},"4":{"start":{"line":5,"column":0},"end":{"line":5,"column":32}},"5":{"start":{"line":6,"column":0},"end":{"line":6,"column":37}}},"s":{"0":0,"1":0,"2":7,"3":0,"4":0,"5":0},"branchMap":{"0":{"type":"branch","line":1,"loc":{"start":{"line":1,"column":0},"end":{"line":1,"column":34}},"locations":[{"start":{"line":1,"column":0},"end":{"line":1,"column":34}}]},"1":{"type":"branch","line":1,"loc":{"start":{"line":1,"column":0},"end":{"line":1,"column":34}},"locations":[{"start":{"line":1,"column":0},"end":{"line":1,"column":34}}]},"2":{"type":"branch","line":1,"loc":{"start":{"line":1,"column":0},"end":{"line":1,"column":34}},"locations":[{"start":{"line":1,"column":0},"end":{"line":1,"column":34}}]},"3":{"type":"branch","line":1,"loc":{"start":{"line":1,"column":0},"end":{"line":1,"column":34}},"locations":[{"start":{"line":1,"column":0},"end":{"line":1,"column":34}}]},"4":{"type":"branch","line":2,"loc":{"start":{"line":2,"column":0},"end":{"line":2,"column":25}},"locations":[{"start":{"line":2,"column":0},"end":{"line":2,"column":25}}]},"5":{"type":"branch","line":2,"loc":{"start":{"line":2,"column":0},"end":{"line":2,"column":25}},"locations":[{"start":{"line":2,"column":0},"end":{"line":2,"column":25}}]},"6":{"type":"branch","line":2,"loc":{"start":{"line":2,"column":0},"end":{"line":2,"column":25}},"locations":[{"start":{"line":2,"column":0},"end":{"line":2,"column":25}}]},"7":{"type":"branch","line":2,"loc":{"start":{"line":2,"column":0},"end":{"line":2,"column":25}},"locations":[{"start":{"line":2,"column":0},"end":{"line":2,"column":25}}]},"8":{"type":"branch","line":3,"loc":{"start":{"line":3,"column":0},"end":{"line":3,"column":27}},"locations":[{"start":{"line":3,"column":0},"end":{"line":3,"column":27}}]},"9":{"type":"branch","line":3,"loc":{"start":{"line":3,"column":0},"end":{"line":3,"column":27}},"locations":[{"start":{"line":3,"column":0},"end":{"line":3,"column":27}}]},"10":{"type":"branch","line":3,"loc":{"start":{"line":3,"column":0},"end":{"line":3,"column":27}},"locations":[{"start":{"line":3,"column":0},"end":{"line":3,"column":27}}]},"11":{"type":"branch","line":3,"loc":{"start":{"line":3,"column":0},"end":{"line":3,"column":27}},"locations":[{"start":{"line":3,"column":0},"end":{"line":3,"column":27}}]},"12":{"type":"branch","line":3,"loc":{"start":{"line":3,"column":0},"end":{"line":3,"column":27}},"locations":[{"start":{"line":3,"column":0},"end":{"line":3,"column":27}}]},"13":{"type":"branch","line":4,"loc":{"start":{"line":4,"column":0},"end":{"line":4,"column":45}},"locations":[{"start":{"line":4,"column":0},"end":{"line":4,"column":45}}]},"14":{"type":"branch","line":4,"loc":{"start":{"line":4,"column":0},"end":{"line":4,"column":45}},"locations":[{"start":{"line":4,"column":0},"end":{"line":4,"column":45}}]},"15":{"type":"branch","line":4,"loc":{"start":{"line":4,"column":0},"end":{"line":4,"column":45}},"locations":[{"start":{"line":4,"column":0},"end":{"line":4,"column":45}}]},"16":{"type":"branch","line":4,"loc":{"start":{"line":4,"column":0},"end":{"line":4,"column":45}},"locations":[{"start":{"line":4,"column":0},"end":{"line":4,"column":45}}]},"17":{"type":"branch","line":5,"loc":{"start":{"line":5,"column":0},"end":{"line":5,"column":32}},"locations":[{"start":{"line":5,"column":0},"end":{"line":5,"column":32}}]},"18":{"type":"branch","line":5,"loc":{"start":{"line":5,"column":0},"end":{"line":5,"column":32}},"locations":[{"start":{"line":5,"column":0},"end":{"line":5,"column":32}}]},"19":{"type":"branch","line":5,"loc":{"start":{"line":5,"column":0},"end":{"line":5,"column":32}},"locations":[{"start":{"line":5,"column":0},"end":{"line":5,"column":32}}]},"20":{"type":"branch","line":5,"loc":{"start":{"line":5,"column":0},"end":{"line":5,"column":32}},"locations":[{"start":{"line":5,"column":0},"end":{"line":5,"column":32}}]},"21":{"type":"branch","line":6,"loc":{"start":{"line":6,"column":0},"end":{"line":6,"column":37}},"locations":[{"start":{"line":6,"column":0},"end":{"line":6,"column":37}}]},"22":{"type":"branch","line":6,"loc":{"start":{"line":6,"column":0},"end":{"line":6,"column":37}},"locations":[{"start":{"line":6,"column":0},"end":{"line":6,"column":37}}]},"23":{"type":"branch","line":6,"loc":{"start":{"line":6,"column":0},"end":{"line":6,"column":37}},"locations":[{"start":{"line":6,"column":0},"end":{"line":6,"column":37}}]},"24":{"type":"branch","line":6,"loc":{"start":{"line":6,"column":0},"end":{"line":6,"column":37}},"locations":[{"start":{"line":6,"column":0},"end":{"line":6,"column":37}}]}},"b":{"0":[2],"1":[0],"2":[0],"3":[0],"4":[4],"5":[0],"6":[0],"7":[0],"8":[16],"9":[0],"10":[0],"11":[0],"12":[7],"13":[2],"14":[0],"15":[0],"16":[0],"17":[4],"18":[0],"19":[0],"20":[0],"21":[2],"22":[0],"23":[0],"24":[0]},"fnMap":{"0":{"name":"get","decl":{"start":{"line":1,"column":0},"end":{"line":1,"column":34}},"loc":{"start":{"line":1,"column":0},"end":{"line":1,"column":34}},"line":1},"1":{"name":"get","decl":{"start":{"line":2,"column":0},"end":{"line":2,"column":25}},"loc":{"start":{"line":2,"column":0},"end":{"line":2,"column":25}},"line":2},"2":{"name":"get","decl":{"start":{"line":3,"column":0},"end":{"line":3,"column":27}},"loc":{"start":{"line":3,"column":0},"end":{"line":3,"column":27}},"line":3},"3":{"name":"get","decl":{"start":{"line":4,"column":0},"end":{"line":4,"column":45}},"loc":{"start":{"line":4,"column":0},"end":{"line":4,"column":45}},"line":4},"4":{"name":"get","decl":{"start":{"line":5,"column":0},"end":{"line":5,"column":32}},"loc":{"start":{"line":5,"column":0},"end":{"line":5,"column":32}},"line":5},"5":{"name":"get","decl":{"start":{"line":6,"column":0},"end":{"line":6,"column":37}},"loc":{"start":{"line":6,"column":0},"end":{"line":6,"column":37}},"line":6}},"f":{"0":0,"1":0,"2":7,"3":0,"4":0,"5":0}}
,"C:\\Users\\user\\OneDrive - MSFT\\Área de Trabalho\\Projeto Integrador DH - Back End\\Grupo-04-Back-End\\src\\utils\\jwt.js": {"path":"C:\\Users\\user\\OneDrive - MSFT\\Área de Trabalho\\Projeto Integrador DH - Back End\\Grupo-04-Back-End\\src\\utils\\jwt.js","all":false,"statementMap":{"0":{"start":{"line":1,"column":0},"end":{"line":1,"column":31}},"1":{"start":{"line":2,"column":0},"end":{"line":2,"column":0}},"2":{"start":{"line":3,"column":0},"end":{"line":3,"column":44}},"3":{"start":{"line":4,"column":0},"end":{"line":4,"column":71}},"4":{"start":{"line":5,"column":0},"end":{"line":5,"column":21}},"5":{"start":{"line":6,"column":0},"end":{"line":6,"column":5}},"6":{"start":{"line":7,"column":0},"end":{"line":7,"column":2}},"7":{"start":{"line":8,"column":0},"end":{"line":8,"column":0}},"8":{"start":{"line":9,"column":0},"end":{"line":9,"column":38}},"9":{"start":{"line":10,"column":0},"end":{"line":10,"column":48}},"10":{"start":{"line":11,"column":0},"end":{"line":11,"column":0}},"11":{"start":{"line":12,"column":0},"end":{"line":12,"column":25}},"12":{"start":{"line":13,"column":0},"end":{"line":13,"column":2}}},"s":{"0":1,"1":1,"2":1,"3":0,"4":0,"5":0,"6":0,"7":1,"8":1,"9":0,"10":0,"11":0,"12":0},"branchMap":{},"b":{},"fnMap":{"0":{"name":"generateAccessToken","decl":{"start":{"line":3,"column":35},"end":{"line":7,"column":2}},"loc":{"start":{"line":3,"column":35},"end":{"line":7,"column":2}},"line":3},"1":{"name":"generateToken","decl":{"start":{"line":9,"column":29},"end":{"line":13,"column":2}},"loc":{"start":{"line":9,"column":29},"end":{"line":13,"column":2}},"line":9}},"f":{"0":0,"1":0}}
,"C:\\Users\\user\\OneDrive - MSFT\\Área de Trabalho\\Projeto Integrador DH - Back End\\Grupo-04-Back-End\\src\\utils\\regex.js": {"path":"C:\\Users\\user\\OneDrive - MSFT\\Área de Trabalho\\Projeto Integrador DH - Back End\\Grupo-04-Back-End\\src\\utils\\regex.js","all":false,"statementMap":{"0":{"start":{"line":1,"column":0},"end":{"line":1,"column":71}},"1":{"start":{"line":2,"column":0},"end":{"line":2,"column":0}},"2":{"start":{"line":3,"column":0},"end":{"line":3,"column":25}},"3":{"start":{"line":4,"column":0},"end":{"line":4,"column":59}},"4":{"start":{"line":5,"column":0},"end":{"line":5,"column":0}},"5":{"start":{"line":6,"column":0},"end":{"line":6,"column":42}},"6":{"start":{"line":7,"column":0},"end":{"line":7,"column":0}},"7":{"start":{"line":8,"column":0},"end":{"line":8,"column":34}},"8":{"start":{"line":9,"column":0},"end":{"line":9,"column":0}},"9":{"start":{"line":10,"column":0},"end":{"line":10,"column":43}},"10":{"start":{"line":11,"column":0},"end":{"line":11,"column":0}},"11":{"start":{"line":12,"column":0},"end":{"line":12,"column":55}},"12":{"start":{"line":13,"column":0},"end":{"line":13,"column":0}},"13":{"start":{"line":14,"column":0},"end":{"line":14,"column":23}},"14":{"start":{"line":15,"column":0},"end":{"line":15,"column":102}},"15":{"start":{"line":16,"column":0},"end":{"line":16,"column":0}},"16":{"start":{"line":17,"column":0},"end":{"line":17,"column":47}}},"s":{"0":1,"1":1,"2":1,"3":1,"4":1,"5":1,"6":1,"7":1,"8":1,"9":1,"10":1,"11":1,"12":1,"13":1,"14":1,"15":1,"16":1},"branchMap":{},"b":{},"fnMap":{},"f":{}}
,"C:\\Users\\user\\OneDrive - MSFT\\Área de Trabalho\\Projeto Integrador DH - Back End\\Grupo-04-Back-End\\src\\utils\\removeSpecialCharacters.js": {"path":"C:\\Users\\user\\OneDrive - MSFT\\Área de Trabalho\\Projeto Integrador DH - Back End\\Grupo-04-Back-End\\src\\utils\\removeSpecialCharacters.js","all":false,"statementMap":{"0":{"start":{"line":1,"column":0},"end":{"line":1,"column":55}},"1":{"start":{"line":2,"column":0},"end":{"line":2,"column":47}},"2":{"start":{"line":3,"column":0},"end":{"line":3,"column":2}}},"s":{"0":1,"1":0,"2":0},"branchMap":{},"b":{},"fnMap":{"0":{"name":"removeSpecialCharacters","decl":{"start":{"line":1,"column":39},"end":{"line":3,"column":2}},"loc":{"start":{"line":1,"column":39},"end":{"line":3,"column":2}},"line":1}},"f":{"0":0}}
,"C:\\Users\\user\\OneDrive - MSFT\\Área de Trabalho\\Projeto Integrador DH - Back End\\Grupo-04-Back-End\\src\\utils\\throwError.js": {"path":"C:\\Users\\user\\OneDrive - MSFT\\Área de Trabalho\\Projeto Integrador DH - Back End\\Grupo-04-Back-End\\src\\utils\\throwError.js","all":false,"statementMap":{"0":{"start":{"line":1,"column":0},"end":{"line":1,"column":40}},"1":{"start":{"line":2,"column":0},"end":{"line":2,"column":36}},"2":{"start":{"line":3,"column":0},"end":{"line":3,"column":19}},"3":{"start":{"line":4,"column":0},"end":{"line":4,"column":52}},"4":{"start":{"line":5,"column":0},"end":{"line":5,"column":3}},"5":{"start":{"line":6,"column":0},"end":{"line":6,"column":1}},"6":{"start":{"line":7,"column":0},"end":{"line":7,"column":0}},"7":{"start":{"line":8,"column":0},"end":{"line":8,"column":48}},"8":{"start":{"line":9,"column":0},"end":{"line":9,"column":41}},"9":{"start":{"line":10,"column":0},"end":{"line":10,"column":2}}},"s":{"0":1,"1":2,"2":0,"3":0,"4":0,"5":1,"6":1,"7":1,"8":0,"9":0},"branchMap":{"0":{"type":"branch","line":1,"loc":{"start":{"line":1,"column":24},"end":{"line":5,"column":3}},"locations":[{"start":{"line":1,"column":24},"end":{"line":5,"column":3}}]}},"b":{"0":[2]},"fnMap":{"0":{"name":"CustomError","decl":{"start":{"line":2,"column":2},"end":{"line":5,"column":3}},"loc":{"start":{"line":2,"column":2},"end":{"line":5,"column":3}},"line":2},"1":{"name":"throwError","decl":{"start":{"line":8,"column":26},"end":{"line":10,"column":2}},"loc":{"start":{"line":8,"column":26},"end":{"line":10,"column":2}},"line":8}},"f":{"0":0,"1":0}}
}
