TN:
SF:src\modules\address\Dto\updateAddressSchema.js
FNF:0
FNH:0
DA:1,1
DA:2,1
DA:3,1
DA:4,1
DA:5,1
DA:6,1
DA:7,1
DA:8,1
DA:9,1
DA:10,1
DA:11,1
DA:12,1
DA:13,1
DA:14,1
DA:15,1
DA:16,1
DA:17,1
DA:18,1
DA:19,1
DA:20,1
DA:21,1
DA:22,1
DA:23,1
DA:24,1
DA:25,1
DA:26,1
DA:27,1
DA:28,1
DA:29,1
DA:30,1
DA:31,1
DA:32,1
DA:33,1
DA:34,1
DA:35,1
DA:36,1
DA:37,1
DA:38,1
DA:39,1
DA:40,1
DA:41,1
DA:42,1
DA:43,1
DA:44,1
LF:44
LH:44
BRF:0
BRH:0
end_of_record
TN:
SF:src\utils\cpfValidator.js
FN:1,validateCPF
FNF:1
FNH:0
FNDA:0,validateCPF
DA:1,1
DA:2,0
DA:3,0
DA:4,0
DA:5,0
DA:6,0
DA:7,0
DA:8,0
DA:9,0
DA:10,0
DA:11,0
DA:12,0
DA:13,0
DA:14,0
DA:15,0
DA:16,0
DA:17,0
DA:18,0
DA:19,0
DA:20,0
DA:21,0
DA:22,0
DA:23,0
DA:24,0
DA:25,0
DA:26,0
DA:27,0
DA:28,0
DA:29,0
DA:30,0
DA:31,0
LF:31
LH:1
BRF:0
BRH:0
end_of_record
TN:
SF:src\utils\index.js
FN:1,get
FN:2,get
FN:3,get
FN:4,get
FN:5,get
FNF:5
FNH:1
FNDA:0,get
FNDA:0,get
FNDA:2,get
FNDA:0,get
FNDA:0,get
DA:1,0
DA:2,0
DA:3,2
DA:4,0
DA:5,0
LF:5
LH:1
BRDA:1,0,0,1
BRDA:1,1,0,0
BRDA:1,2,0,0
BRDA:1,3,0,0
BRDA:2,4,0,2
BRDA:2,5,0,0
BRDA:2,6,0,0
BRDA:2,7,0,0
BRDA:3,8,0,7
BRDA:3,9,0,0
BRDA:3,10,0,0
BRDA:3,11,0,0
BRDA:3,12,0,2
BRDA:4,13,0,1
BRDA:4,14,0,0
BRDA:4,15,0,0
BRDA:4,16,0,0
BRDA:5,17,0,2
BRDA:5,18,0,0
BRDA:5,19,0,0
BRDA:5,20,0,0
BRF:21
BRH:6
end_of_record
TN:
SF:src\utils\jwt.js
FN:3,generateAccessToken
FN:9,generateToken
FNF:2
FNH:0
FNDA:0,generateAccessToken
FNDA:0,generateToken
DA:1,1
DA:2,1
DA:3,1
DA:4,0
DA:5,0
DA:6,0
DA:7,0
DA:8,1
DA:9,1
DA:10,0
DA:11,0
DA:12,0
DA:13,0
LF:13
LH:5
BRF:0
BRH:0
end_of_record
TN:
SF:src\utils\regex.js
FNF:0
FNH:0
DA:1,1
DA:2,1
DA:3,1
DA:4,1
DA:5,1
DA:6,1
DA:7,1
DA:8,1
DA:9,1
DA:10,1
DA:11,1
DA:12,1
DA:13,1
DA:14,1
DA:15,1
LF:15
LH:15
BRF:0
BRH:0
end_of_record
TN:
SF:src\utils\removeSpecialCharacters.js
FN:1,removeSpecialCharacters
FNF:1
FNH:0
FNDA:0,removeSpecialCharacters
DA:1,1
DA:2,0
DA:3,0
LF:3
LH:1
BRF:0
BRH:0
end_of_record
TN:
SF:src\utils\throwError.js
FN:2,CustomError
FN:8,throwError
FNF:2
FNH:0
FNDA:0,CustomError
FNDA:0,throwError
DA:1,1
DA:2,1
DA:3,0
DA:4,0
DA:5,0
DA:6,1
DA:7,1
DA:8,1
DA:9,0
DA:10,0
LF:10
LH:5
BRDA:1,0,0,1
BRF:1
BRH:1
end_of_record
